2023-11-08 14:26:39.089678 - Log Success: LEO-PC - Preferencias importadas (DavikUser)
2023-11-08 14:26:53.965528 - Log Error: LEO-PC - Falha ao resistrar material - (argument 1 must be str, not WindowsPath) (DavikUser)
2023-11-08 14:31:00.725642 - Log Success: LEO-PC - Preferencias importadas (DavikUser)
2023-11-08 14:38:30.255354 - Log Success: LEO-PC - Preferencias importadas (DavikUser)
2023-11-08 14:40:49.858339 - Log Success: LEO-PC - Preferencias importadas (DavikUser)
2023-11-08 14:42:58.679707 - Log Success: LEO-PC - Preferencias importadas (DavikUser)
2023-11-08 14:47:23.793871 - Log Success: LEO-PC - Preferencias importadas (DavikUser)
2023-11-08 14:58:38.550464 - Log Success: LEO-PC - Preferencias importadas (DavikUser)
2023-11-08 15:06:13.295474 - Log Success: LEO-PC - Preferencias importadas (DavikUser)
2023-11-08 15:09:36.123075 - Log Success: LEO-PC - Preferencias importadas (DavikUser)
2023-11-08 15:10:38.407638 - Log Success: LEO-PC - Preferencias importadas (DavikUser)
2023-11-08 15:10:45.658053 - Log Error: LEO-PC - Falha ao editar material: - (editReport() takes 10 positional arguments but 11 were given) (DavikUser)
2023-11-08 15:17:18.390516 - Log Success: LEO-PC - Preferencias importadas (DavikUser)
2023-11-08 15:17:23.362800 - Log Error: LEO-PC - Falha ao editar material: - (near "WHERE": syntax error) (DavikUser)
2023-11-08 15:17:25.914946 - Log Error: LEO-PC - Falha ao editar material: - (near "WHERE": syntax error) (DavikUser)
2023-11-08 15:18:20.760083 - Log Success: LEO-PC - Preferencias importadas (DavikUser)
2023-11-08 15:18:25.741368 - Log Error: LEO-PC - Falha ao editar material: - (no such column: R) (DavikUser)
2023-11-08 15:20:43.344238 - Log Success: LEO-PC - Preferencias importadas (DavikUser)
2023-11-08 15:20:47.318466 - Log Error: LEO-PC - Falha ao editar material: - (coloringRows() missing 1 required positional argument: 'user_background_color') (DavikUser)
2023-11-08 15:21:24.093569 - Log Success: LEO-PC - Preferencias importadas (DavikUser)
2023-11-08 15:21:28.829840 - Log Error: LEO-PC - Falha ao editar material: - (name 'atrasado' is not defined) (DavikUser)
2023-11-08 15:25:51.727877 - Log Success: LEO-PC - Preferencias importadas (DavikUser)
2023-11-08 15:25:56.461148 - Log Error: LEO-PC - Falha ao editar material: - (near "Urgente": syntax error) (DavikUser)
2023-11-08 15:26:01.181417 - Log Error: LEO-PC - Falha ao editar material: - (near "Urgente": syntax error) (DavikUser)
2023-11-08 15:27:04.506039 - Log Success: LEO-PC - Preferencias importadas (DavikUser)
2023-11-08 15:27:08.795285 - Log Error: LEO-PC - Falha ao editar material: - (name 'atrasado' is not defined) (DavikUser)
2023-11-08 15:29:02.918812 - Log Error: LEO-PC - Falha ao editar material: - (name 'atrasado' is not defined) (DavikUser)
2023-11-08 15:29:05.869981 - Log Error: LEO-PC - Falha ao editar material: - (name 'atrasado' is not defined) (DavikUser)
2023-11-08 15:29:08.522133 - Log Error: LEO-PC - Falha ao editar material: - (name 'atrasado' is not defined) (DavikUser)
2023-11-08 15:31:31.714323 - Log Success: LEO-PC - Preferencias importadas (DavikUser)
2023-11-08 15:31:35.976567 - Log Error: LEO-PC - Falha ao editar material: - (name 'pritn' is not defined) (DavikUser)
2023-11-08 15:31:39.183750 - Log Error: LEO-PC - Falha ao editar material: - (name 'pritn' is not defined) (DavikUser)
2023-11-08 15:31:57.812816 - Log Success: LEO-PC - sac 32 5500 Laminado registrado com sucesso. (DavikUser)
2023-11-08 15:32:11.291587 - Log Success: LEO-PC - Preferencias importadas (DavikUser)
2023-11-08 15:32:16.085861 - Log Error: LEO-PC - Falha ao editar material: - (name 'pritn' is not defined) (DavikUser)
2023-11-08 15:32:19.834075 - Log Error: LEO-PC - Falha ao editar material: - (name 'pritn' is not defined) (DavikUser)
2023-11-08 15:32:26.353448 - Log Error: LEO-PC - Falha ao editar material: - (name 'pritn' is not defined) (DavikUser)
2023-11-08 15:32:29.309617 - Log Error: LEO-PC - Falha ao editar material: - (name 'pritn' is not defined) (DavikUser)
2023-11-08 15:33:01.110436 - Log Success: LEO-PC - Preferencias importadas (DavikUser)
2023-11-08 15:33:04.042604 - Log Success: LEO-PC - Salvo no banco de dados material: SAC 32 5500mm LAMINADO 45kg Urgente _ (DavikUser)
2023-11-08 15:33:06.240729 - Log Success: LEO-PC - Salvo no banco de dados material: SAC 32 5500mm LAMINADO 45kg _ _ (DavikUser)
2023-11-08 15:33:09.746930 - Log Success: LEO-PC - Salvo no banco de dados material: SAC 32 5500mm LAMINADO 45kg _ Comprado (DavikUser)
2023-11-08 15:33:12.138067 - Log Success: LEO-PC - Salvo no banco de dados material: SAC 32 5500mm LAMINADO 45kg _ _ (DavikUser)
2023-11-08 15:33:14.689213 - Log Success: LEO-PC - Salvo no banco de dados material: RAC 25 1000mm FRESADO 5kg _ Comprado (DavikUser)
2023-11-08 15:33:17.058348 - Log Success: LEO-PC - Salvo no banco de dados material: RAC 25 1000mm FRESADO 5kg _ _ (DavikUser)
2023-11-08 15:33:19.862509 - Log Success: LEO-PC - Salvo no banco de dados material: RAC 25 1000mm FRESADO 5kg Urgente Comprado (DavikUser)
2023-11-08 15:37:42.641539 - Log Success: LEO-PC - Preferencias importadas (DavikUser)
2023-11-08 15:37:45.906725 - Log Success: LEO-PC - Salvo no banco de dados material: RAC 25 1000mm FRESADO 5kg _ _ (DavikUser)
2023-11-08 15:37:48.381867 - Log Success: LEO-PC - Salvo no banco de dados material: RAC 25 1000mm FRESADO 5kg Urgente _ (DavikUser)
2023-11-08 15:37:50.582993 - Log Success: LEO-PC - Salvo no banco de dados material: SAC 32 5500mm LAMINADO 45kg Urgente _ (DavikUser)
2023-11-08 15:37:52.759117 - Log Success: LEO-PC - Salvo no banco de dados material: SAC 32 5500mm LAMINADO 45kg _ _ (DavikUser)
2023-11-08 15:37:54.787233 - Log Success: LEO-PC - Salvo no banco de dados material: SAC 32 5500mm LAMINADO 45kg _ Comprado (DavikUser)
2023-11-08 15:37:56.940357 - Log Success: LEO-PC - Salvo no banco de dados material: RAC 25 1000mm FRESADO 5kg Urgente Comprado (DavikUser)
2023-11-08 15:38:00.231545 - Log Success: LEO-PC - Salvo no banco de dados material: SAC 32 5500mm LAMINADO 45kg Urgente _ (DavikUser)
2023-11-08 15:38:02.800692 - Log Success: LEO-PC - Salvo no banco de dados material: RAC 25 1000mm FRESADO 5kg _ _ (DavikUser)
2023-11-08 17:00:46.129578 - Log Success: LEO-PC - Preferencias importadas (DavikUser)
2023-11-08 17:01:38.413568 - Log Success: LEO-PC - Preferencias importadas (DavikUser)
2023-11-08 17:01:46.557034 - Log Success: LEO-PC - Salvo no banco de dados material: SAC 32 5500mm LAMINADO 45kg _ _ (DavikUser)
2023-11-09 17:29:51.217799 - Log Success: LEO-PC - Preferencias importadas (DavikUser)
2023-11-09 17:29:56.201084 - Log Success: LEO-PC - Salvo no banco de dados material: SAC 32 5500mm LAMINADO 45kg _ Comprado (DavikUser)
2023-11-09 17:29:58.677226 - Log Success: LEO-PC - Salvo no banco de dados material: RAC 25 1000mm FRESADO 5kg _ Comprado (DavikUser)
2023-11-13 10:51:47.078673 - Log Success: LEO-PC - Preferencias importadas (DavikUser)
2023-11-13 10:51:53.221024 - Log Success: LEO-PC - Salvo no banco de dados material: SAC 32 5500mm LAMINADO 45kg _ _ (DavikUser)
2023-11-13 10:51:56.131191 - Log Success: LEO-PC - Salvo no banco de dados material: RAC 25 1000mm FRESADO 5kg _ _ (DavikUser)
2023-11-13 10:55:01.361785 - Log Success: LEO-PC - Preferencias importadas (DavikUser)
2023-11-13 10:56:54.561260 - Log Success: LEO-PC - Preferencias importadas (DavikUser)
2023-11-13 10:59:17.777451 - Log Success: LEO-PC - Preferencias importadas (DavikUser)
2023-11-13 11:00:22.287141 - Log Success: LEO-PC - Preferencias importadas (DavikUser)
2023-11-13 11:00:28.027470 - Log Success: LEO-PC - Material excluido com sucesso. (DavikUser)
2023-11-13 11:01:21.655537 - Log Success: LEO-PC - Preferencias importadas (DavikUser)
2023-11-13 11:01:24.573704 - Log Success: LEO-PC - Material excluido com sucesso. (DavikUser)
2023-11-13 11:01:44.878865 - Log Success: LEO-PC - rag 45 1000 Retificado registrado com sucesso. (DavikUser)
2023-11-13 11:01:59.729715 - Log Success: LEO-PC - sab 30 100 Torneado registrado com sucesso. (DavikUser)
2023-11-13 11:02:19.835865 - Log Success: LEO-PC - qad 2" 50 Trefilado registrado com sucesso. (DavikUser)
2023-11-13 11:03:01.188230 - Log Success: LEO-PC - Preferencias importadas (DavikUser)
2023-11-13 11:08:26.421832 - Log Success: LEO-PC - Material excluido com sucesso. (DavikUser)
2023-11-13 11:08:51.762282 - Log Success: LEO-PC - sab 30 10 Laminado registrado com sucesso. (DavikUser)
2023-11-13 11:10:20.099334 - Log Success: LEO-PC - Preferencias importadas (DavikUser)
2023-11-13 11:14:57.494200 - Log Success: LEO-PC - Preferencias importadas (DavikUser)
2023-11-13 11:16:33.031665 - Log Success: LEO-PC - Preferencias importadas (DavikUser)
2023-11-13 11:16:58.299110 - Log Success: LEO-PC - Preferencias importadas (DavikUser)
2023-11-13 11:18:24.461038 - Log Success: LEO-PC - Preferencias importadas (DavikUser)
2023-11-13 11:25:27.498234 - Log Success: LEO-PC - Preferencias importadas (DavikUser)
2023-11-13 11:33:13.333879 - Log Success: LEO-PC - Preferencias importadas (DavikUser)
2023-11-13 11:33:49.106925 - Log Success: LEO-PC - Preferencias importadas (DavikUser)
2023-11-13 11:35:26.517496 - Log Success: LEO-PC - Preferencias importadas (DavikUser)
2023-11-13 11:36:17.421408 - Log Success: LEO-PC - Preferencias importadas (DavikUser)
2023-11-13 11:37:00.910895 - Log Success: LEO-PC - Preferencias importadas (DavikUser)
2023-11-13 11:38:02.073394 - Log Success: LEO-PC - Preferencias importadas (DavikUser)
2023-11-13 11:38:23.107597 - Log Success: LEO-PC - Preferencias importadas (DavikUser)
2023-11-13 11:40:16.005054 - Log Success: LEO-PC - Preferencias importadas (DavikUser)
2023-11-13 12:52:44.792790 - Log Success: LEO-PC - Preferencias importadas (DavikUser)
2023-11-13 14:30:48.215303 - Log Success: LEO-PC - Preferencias importadas (DavikUser)
2023-11-13 14:39:26.471946 - Log Success: LEO-PC - Preferencias importadas (DavikUser)
2023-11-13 14:40:03.448060 - Log Success: LEO-PC - Preferencias importadas (DavikUser)
2023-11-13 14:41:58.208624 - Log Success: LEO-PC - Preferencias importadas (DavikUser)
2023-11-13 14:43:32.923042 - Log Success: LEO-PC - Preferencias importadas (DavikUser)
2023-11-13 14:45:04.296268 - Log Success: LEO-PC - Preferencias importadas (DavikUser)
2023-11-13 15:02:08.864870 - Log Success: LEO-PC - Preferencias importadas (DavikUser)
2023-11-13 15:06:23.073410 - Log Success: LEO-PC - Preferencias importadas (DavikUser)
2023-11-14 15:13:42.703730 - Log Success: LEO-PC - Preferencias importadas (DavikUser)
2023-11-14 15:13:47.016977 - Log Success: LEO-PC - Salvo no banco de dados material: SAB 30 10mm LAMINADO 1kg _ Comprado (DavikUser)
2023-11-14 15:13:49.234104 - Log Success: LEO-PC - Salvo no banco de dados material: SAB 30 10mm LAMINADO 1kg _ _ (DavikUser)
2023-11-16 11:30:19.039109 - Log Success: LEO-PC - Preferencias importadas (KonemetalUser)
2023-11-16 13:58:58.538275 - Log Success: LEO-PC - Preferencias importadas (DavikUser)
2023-11-16 15:05:34.790848 - Log Success: LEO-PC - Preferencias importadas (DavikUser)
2023-11-16 15:05:47.150555 - Log Success: LEO-PC - Rag 50 1000 Fresado registrado com sucesso. (DavikUser)
2023-11-16 15:05:52.967887 - Log Success: LEO-PC - Rag 50 1000 Fresado registrado com sucesso. (DavikUser)
2023-11-16 15:05:54.048949 - Log Success: LEO-PC - Rag 50 1000 Fresado registrado com sucesso. (DavikUser)
2023-11-16 15:09:45.659196 - Log Success: LEO-PC - Preferencias importadas (DavikUser)
2023-11-17 08:26:45.079362 - Log Success: LEO-PC - Preferencias importadas (DavikUser)
2023-11-17 08:27:45.410813 - Log Success: LEO-PC - Preferencias importadas (DavikUser)
2023-11-17 08:28:37.020765 - Log Success: LEO-PC - Preferencias importadas (DavikUser)
2023-11-17 08:29:35.311099 - Log Success: LEO-PC - Preferencias importadas (DavikUser)
2023-11-17 08:31:31.082721 - Log Success: LEO-PC - Preferencias importadas (DavikUser)
2023-11-17 08:34:52.330231 - Log Success: LEO-PC - Preferencias importadas (DavikUser)
2023-11-17 08:35:44.412210 - Log Success: LEO-PC - Preferencias importadas (DavikUser)
2023-11-17 08:37:48.036281 - Log Success: LEO-PC - Preferencias importadas (DavikUser)
2023-11-17 08:38:12.588685 - Log Success: LEO-PC - Preferencias importadas (DavikUser)
2023-11-17 08:38:54.806100 - Log Success: LEO-PC - Preferencias importadas (DavikUser)
2023-11-17 08:42:36.389774 - Log Success: LEO-PC - Preferencias importadas (DavikUser)
2023-11-17 08:47:10.711464 - Log Success: LEO-PC - Preferencias importadas (DavikUser)
2023-11-17 08:48:42.385708 - Log Success: LEO-PC - Preferencias importadas (DavikUser)
2023-11-17 09:06:39.461494 - Log Success: LEO-PC - Preferencias importadas (DavikUser)
2023-11-17 09:07:54.567594 - Log Success: LEO-PC - Preferencias importadas (DavikUser)
2023-11-17 09:12:50.914634 - Log Success: LEO-PC - Preferencias importadas (DavikUser)
2023-11-17 09:16:45.394489 - Log Success: LEO-PC - Preferencias importadas (DavikUser)
2023-11-17 09:17:19.755455 - Log Success: LEO-PC - Rad 15/16" 6989 Torneado registrado com sucesso. (DavikUser)
2023-11-17 09:19:48.911604 - Log Success: LEO-PC - Preferencias importadas (DavikUser)
2023-11-17 09:26:20.304156 - Log Success: LEO-PC - Preferencias importadas (DavikUser)
2023-11-17 09:30:41.847536 - Log Success: LEO-PC - Preferencias importadas (DavikUser)
2023-11-17 09:33:23.497225 - Log Success: LEO-PC - Preferencias importadas (DavikUser)
2023-11-17 09:34:01.349463 - Log Error: LEO-PC - Falha ao calcular tubo mux - (could not convert string to float: 'mu') (DavikUser)
2023-11-17 10:15:54.229372 - Log Success: LEO-PC - Preferencias importadas (DavikUser)
2023-11-17 10:25:07.527753 - Log Success: LEO-PC - Preferencias importadas (DavikUser)
2023-11-17 10:33:17.521054 - Log Success: LEO-PC - Preferencias importadas (DavikUser)
2023-11-17 10:36:33.217297 - Log Success: LEO-PC - Preferencias importadas (DavikUser)
2023-11-17 11:11:58.947309 - Log Success: LEO-PC - Preferencias importadas (DavikUser)
2023-11-17 11:20:34.331787 - Log Success: LEO-PC - Preferencias importadas (DavikUser)
2023-11-17 11:33:48.483644 - Log Success: LEO-PC - Preferencias importadas (DavikUser)
2023-11-17 11:36:20.897361 - Log Success: LEO-PC - Preferencias importadas (DavikUser)
2023-11-17 11:36:54.243269 - Log Success: LEO-PC - SAA 1/2" 2500 Laminado registrado com sucesso. (DavikUser)
2023-11-17 11:40:21.585128 - Log Success: LEO-PC - Preferencias importadas (DavikUser)
2023-11-17 11:41:56.710569 - Log Success: LEO-PC - Preferencias importadas (DavikUser)
2023-11-17 11:45:27.295614 - Log Success: LEO-PC - Preferencias importadas (DavikUser)
2023-11-17 11:47:25.966401 - Log Success: LEO-PC - Preferencias importadas (DavikUser)
2023-11-17 11:48:10.806966 - Log Success: LEO-PC - Preferencias importadas (DavikUser)
2023-11-17 11:49:10.737394 - Log Success: LEO-PC - Preferencias importadas (DavikUser)
2023-11-17 11:50:06.482582 - Log Success: LEO-PC - Preferencias importadas (DavikUser)
2023-11-17 11:52:39.406329 - Log Success: LEO-PC - Preferencias importadas (DavikUser)
2023-11-17 11:53:36.998623 - Log Success: LEO-PC - Preferencias importadas (DavikUser)
2023-11-17 11:55:02.853534 - Log Success: LEO-PC - Preferencias importadas (DavikUser)
2023-11-17 13:03:43.562484 - Log Success: LEO-PC - Preferencias importadas (KonemetalUser)
2023-11-17 13:03:59.959422 - Log Success: LEO-PC - Preferencias importadas (DavikUser)
2023-11-17 13:13:01.585401 - Log Success: LEO-PC - Preferencias importadas (DavikUser)
2023-11-17 13:14:19.536860 - Log Success: LEO-PC - Preferencias importadas (DavikUser)
2023-11-17 13:16:33.308511 - Log Success: LEO-PC - Preferencias importadas (DavikUser)
2023-11-17 13:16:58.139932 - Log Success: LEO-PC - Preferencias importadas (DavikUser)
2023-11-17 13:24:44.444603 - Log Success: LEO-PC - Preferencias importadas (DavikUser)
2023-11-17 13:26:16.521869 - Log Success: LEO-PC - Preferencias importadas (DavikUser)
2023-11-17 13:27:24.665767 - Log Success: LEO-PC - Preferencias importadas (DavikUser)
2023-11-17 13:29:53.341271 - Log Success: LEO-PC - Preferencias importadas (DavikUser)
2023-11-17 13:31:04.664350 - Log Success: LEO-PC - Preferencias importadas (DavikUser)
2023-11-17 13:31:08.935594 - Log Error: LEO-PC - Falha ao calcular redondo  - (could not convert string to float: ) (DavikUser)
2023-11-17 13:56:01.855162 - Log Success: LEO-PC - Preferencias importadas (DavikUser)
2023-11-17 14:54:34.739080 - Log Success: LEO-PC - Preferencias importadas (DavikUser)
2023-11-17 14:55:38.367783 - Log Success: LEO-PC - Preferencias importadas (DavikUser)
2023-11-17 14:56:10.456617 - Log Error: LEO-PC - Material não registrado por falta de informação. (DavikUser)
2023-11-17 14:56:35.553743 - Log Success: LEO-PC - rag 4 6000 Laminado registrado com sucesso. (DavikUser)
2023-11-17 15:16:12.447680 - Log Success: LEO-PC - Preferencias importadas (DavikUser)
2023-11-17 15:16:40.625388 - Log Success: LEO-PC - Preferencias importadas (DavikUser)
2023-11-17 15:17:37.625524 - Log Success: LEO-PC - Preferencias importadas (DavikUser)
2023-11-17 15:32:43.981679 - Log Success: LEO-PC - Preferencias importadas (DavikUser)
2023-11-17 15:33:26.734753 - Log Success: LEO-PC - Preferencias importadas (DavikUser)
2023-11-17 15:34:04.810044 - Log Success: LEO-PC - Preferencias importadas (DavikUser)
2023-11-17 15:34:29.785789 - Log Success: LEO-PC - Preferencias importadas (DavikUser)
2023-11-17 15:35:15.662146 - Log Success: LEO-PC - Preferencias importadas (DavikUser)
2023-11-17 15:45:06.484995 - Log Success: LEO-PC - Preferencias importadas (DavikUser)
2023-11-17 15:46:10.355982 - Log Success: LEO-PC - Preferencias importadas (DavikUser)
2023-11-17 16:05:22.675027 - Log Success: LEO-PC - Preferencias importadas (DavikUser)
2023-11-17 16:10:00.132941 - Log Success: LEO-PC - Preferencias importadas (DavikUser)
2023-11-17 16:49:53.106725 - Log Success: LEO-PC - Preferencias importadas (DavikUser)
2023-11-17 16:54:08.972831 - Log Success: LEO-PC - Preferencias importadas (DavikUser)
2023-11-17 16:54:18.943292 - Log Success: LEO-PC - Salvo no banco de dados material: RAR 1" 1000mm FRESADO 4kg Urgente _ (DavikUser)
2023-11-21 15:37:06.611770 - Log Success: LEO-PC - Preferencias importadas (DavikUser)
2023-11-21 16:01:22.403036 - Log Success: LEO-PC - Preferencias importadas (DavikUser)
2023-11-21 16:22:55.634005 - Log Success: LEO-PC - Preferencias importadas (DavikUser)
2023-11-22 10:32:38.140143 - Log Success: LEO-PC - Preferencias importadas (DavikUser)
2023-11-22 10:33:17.800412 - Log Success: LEO-PC - Preferencias importadas (DavikUser)
2023-11-22 10:35:22.844564 - Log Success: LEO-PC - Preferencias importadas (DavikUser)
2023-11-22 10:40:15.915326 - Log Success: LEO-PC - Preferencias importadas (DavikUser)
2023-11-22 10:43:38.352905 - Log Success: LEO-PC - Preferencias importadas (DavikUser)
2023-11-22 10:45:30.601325 - Log Success: LEO-PC - Preferencias importadas (DavikUser)
2023-11-22 10:57:58.932128 - Log Success: LEO-PC - Preferencias importadas (DavikUser)
2023-11-22 10:59:04.053852 - Log Success: LEO-PC - Preferencias importadas (DavikUser)
2023-11-22 11:00:38.618261 - Log Success: LEO-PC - Preferencias importadas (DavikUser)
2023-11-22 11:24:20.084564 - Log Success: LEO-PC - Preferencias importadas (DavikUser)
2023-11-22 11:25:54.483964 - Log Success: LEO-PC - Preferencias importadas (DavikUser)
2023-11-22 11:33:21.761546 - Log Success: LEO-PC - Preferencias importadas (DavikUser)
2023-11-22 11:34:28.563367 - Log Success: LEO-PC - Preferencias importadas (DavikUser)
2023-11-22 11:47:50.042209 - Log Success: LEO-PC - Preferencias importadas (DavikUser)
2023-11-22 11:48:34.527754 - Log Success: LEO-PC - Preferencias importadas (DavikUser)
2023-11-22 11:52:55.919704 - Log Success: LEO-PC - Preferencias importadas (DavikUser)
2023-11-22 11:57:39.576929 - Log Success: LEO-PC - Preferencias importadas (DavikUser)
2023-11-22 13:36:11.922095 - Log Success: LEO-PC - Preferencias importadas (DavikUser)
2023-11-22 13:39:37.435850 - Log Success: LEO-PC - Preferencias importadas (DavikUser)
2023-11-22 13:56:26.903588 - Log Success: LEO-PC - Preferencias importadas (DavikUser)
2023-11-22 13:56:58.446393 - Log Success: LEO-PC - qad 7/8" 6000 Fresado registrado com sucesso. (DavikUser)
2023-11-22 13:57:08.282955 - Log Success: LEO-PC - qaz 7/8" 6000 Fresado registrado com sucesso. (DavikUser)
2023-11-22 13:57:27.383048 - Log Success: LEO-PC - Preferencias importadas (DavikUser)
2023-11-22 14:09:15.846569 - Log Success: LEO-PC - Preferencias importadas (DavikUser)
2023-11-22 14:29:56.286519 - Log Success: LEO-PC - Preferencias importadas (DavikUser)
2023-11-22 14:30:41.471103 - Log Success: LEO-PC - Preferencias importadas (DavikUser)
2023-11-22 16:00:30.883360 - Log Success: LEO-PC - Preferencias importadas (DavikUser)
2023-11-22 16:01:16.057944 - Log Success: LEO-PC - Preferencias importadas (DavikUser)
2023-11-22 16:03:54.472004 - Log Success: LEO-PC - Preferencias importadas (DavikUser)
2023-11-22 16:05:27.099302 - Log Success: LEO-PC - Preferencias importadas (DavikUser)
2023-11-22 16:16:27.762090 - Log Success: LEO-PC - Preferencias importadas (DavikUser)
2023-11-22 16:21:47.167359 - Log Success: LEO-PC - Preferencias importadas (DavikUser)
2023-11-22 16:22:40.086386 - Log Success: LEO-PC - Preferencias importadas (DavikUser)
2023-11-22 16:29:40.318422 - Log Success: LEO-PC - Preferencias importadas (DavikUser)
2023-11-22 16:33:58.779205 - Log Success: LEO-PC - Preferencias importadas (DavikUser)
2023-11-22 16:35:32.493565 - Log Success: LEO-PC - Preferencias importadas (DavikUser)
2023-11-22 16:36:57.746441 - Log Success: LEO-PC - Preferencias importadas (DavikUser)
2023-11-22 16:42:25.122166 - Log Success: LEO-PC - Preferencias importadas (DavikUser)
2023-11-22 17:01:08.484419 - Log Success: LEO-PC - Preferencias importadas (DavikUser)
2023-11-22 17:03:31.198581 - Log Success: LEO-PC - Preferencias importadas (DavikUser)
2023-11-22 17:05:03.153841 - Log Success: LEO-PC - Preferencias importadas (DavikUser)
2023-11-22 17:06:21.165303 - Log Success: LEO-PC - Preferencias importadas (DavikUser)
2023-11-22 17:06:39.962378 - Log Success: LEO-PC - Preferencias importadas (DavikUser)
2023-11-22 17:07:28.985182 - Log Success: LEO-PC - Preferencias importadas (DavikUser)
2023-11-22 17:09:16.783348 - Log Success: LEO-PC - Preferencias importadas (DavikUser)
2023-11-23 07:21:26.243485 - Log Success: LEO-PC - Preferencias importadas (DavikUser)
2023-11-23 07:24:53.392333 - Log Success: LEO-PC - Preferencias importadas (DavikUser)
2023-11-23 07:25:24.260099 - Log Success: LEO-PC - Preferencias importadas (DavikUser)
2023-11-23 07:30:16.943839 - Log Success: LEO-PC - Preferencias importadas (DavikUser)
2023-11-23 07:31:44.365840 - Log Success: LEO-PC - Preferencias importadas (DavikUser)
2023-11-23 07:32:15.082597 - Log Success: LEO-PC - Preferencias importadas (DavikUser)
2023-11-23 07:33:04.916447 - Log Success: LEO-PC - Preferencias importadas (DavikUser)
2023-11-23 08:02:48.151442 - Log Success: LEO-PC - Preferencias importadas (DavikUser)
2023-11-23 08:03:48.278881 - Log Success: LEO-PC - SIL 1/2" 6000 Retificado registrado com sucesso. (DavikUser)
2023-11-23 08:03:54.412232 - Log Success: LEO-PC - SIL 1" 6000 Retificado registrado com sucesso. (DavikUser)
2023-11-23 08:03:54.683248 - Log Success: LEO-PC - SIL 1" 6000 Retificado registrado com sucesso. (DavikUser)
2023-11-23 08:06:43.568907 - Log Success: LEO-PC - Preferencias importadas (DavikUser)
2023-11-23 08:09:12.443422 - Log Success: LEO-PC - Preferencias importadas (DavikUser)
2023-11-23 08:26:48.748840 - Log Success: LEO-PC - Preferencias importadas (DavikUser)
2023-11-23 08:30:02.746936 - Log Success: LEO-PC - Preferencias importadas (DavikUser)
2023-11-23 08:39:12.339371 - Log Success: LEO-PC - Preferencias importadas (DavikUser)
2023-11-23 08:39:34.004610 - Log Success: LEO-PC - Preferencias importadas (DavikUser)
2023-11-23 08:44:52.642835 - Log Success: LEO-PC - Preferencias importadas (DavikUser)
2023-11-23 08:58:26.158365 - Log Success: LEO-PC - Preferencias importadas (DavikUser)
2023-11-23 09:00:39.241977 - Log Success: LEO-PC - Preferencias importadas (DavikUser)
2023-11-23 09:01:07.075569 - Log Success: LEO-PC - Preferencias importadas (DavikUser)
2023-11-23 11:15:45.951654 - Log Success: LEO-PC - Preferencias importadas (DavikUser)
2023-11-23 13:11:05.510431 - Log Success: LEO-PC - Preferencias importadas (DavikUser)
2023-11-23 13:12:01.956659 - Log Success: LEO-PC - Preferencias importadas (DavikUser)
2023-11-23 13:13:00.287995 - Log Success: LEO-PC - Preferencias importadas (DavikUser)
2023-11-23 13:13:37.583129 - Log Success: LEO-PC - Preferencias importadas (DavikUser)
2023-11-23 13:16:55.720461 - Log Success: LEO-PC - Preferencias importadas (DavikUser)
2023-11-23 13:17:03.646915 - Log Success: LEO-PC - Material excluido com sucesso. (DavikUser)
2023-11-23 13:20:25.132439 - Log Success: LEO-PC - Preferencias importadas (DavikUser)
2023-11-23 13:35:00.334498 - Log Success: LEO-PC - Preferencias importadas (DavikUser)
2023-11-23 13:35:31.162261 - Log Success: LEO-PC - Preferencias importadas (DavikUser)
2023-11-23 13:36:13.362675 - Log Success: LEO-PC - Preferencias importadas (DavikUser)
2023-11-23 13:36:57.747213 - Log Success: LEO-PC - Preferencias importadas (DavikUser)
2023-11-23 14:11:25.318472 - Log Success: LEO-PC - Preferencias importadas (DavikUser)
2023-11-23 14:11:26.809557 - Log Error: LEO-PC - Falha ao gerar relatorio excel. - (name 'consulta_sql' is not defined) (DavikUser)
2023-11-23 14:11:55.439195 - Log Success: LEO-PC - Preferencias importadas (DavikUser)
2023-11-23 14:11:58.609376 - Log Error: LEO-PC - Falha ao gerar relatorio excel. - (name 'con' is not defined) (DavikUser)
2023-11-23 14:12:17.765471 - Log Success: LEO-PC - Preferencias importadas (DavikUser)
2023-11-23 14:12:19.601577 - Log Error: LEO-PC - Falha ao gerar relatorio excel. - (name 'modelo_excel' is not defined) (DavikUser)
2023-11-23 14:43:30.420581 - Log Success: LEO-PC - Preferencias importadas (DavikUser)
2023-11-23 14:43:35.311861 - Log Error: LEO-PC - Falha ao gerar relatorio excel. - (name 'consulta_sql' is not defined) (DavikUser)
2023-11-23 14:43:58.442184 - Log Success: LEO-PC - Preferencias importadas (DavikUser)
2023-11-23 14:44:01.487358 - Log Error: LEO-PC - Falha ao gerar relatorio excel. - (name 'data' is not defined) (DavikUser)
2023-11-23 14:44:39.390526 - Log Success: LEO-PC - Preferencias importadas (DavikUser)
2023-11-23 14:44:43.439758 - Log Success: LEO-PC - Relatorio Excel gerado com sucesso. (DavikUser)
2023-11-23 14:52:16.635679 - Log Success: LEO-PC - Preferencias importadas (DavikUser)
2023-11-23 15:14:52.278217 - Log Success: LEO-PC - Preferencias importadas (DavikUser)
2023-11-23 15:18:13.459724 - Log Success: LEO-PC - Preferencias importadas (DavikUser)
2023-11-23 15:18:58.556304 - Log Success: LEO-PC - Preferencias importadas (DavikUser)
2023-11-23 15:20:51.139743 - Log Success: LEO-PC - Preferencias importadas (DavikUser)
2023-11-23 15:27:20.314003 - Log Success: LEO-PC - Preferencias importadas (DavikUser)
2023-11-23 15:28:14.066077 - Log Success: LEO-PC - Preferencias importadas (DavikUser)
2023-11-23 15:32:06.119350 - Log Success: LEO-PC - Preferencias importadas (DavikUser)
2023-11-23 15:36:17.848748 - Log Success: LEO-PC - Preferencias importadas (DavikUser)
2023-11-23 15:36:44.324262 - Log Success: LEO-PC - Preferencias importadas (DavikUser)
2023-11-23 15:59:01.284732 - Log Success: LEO-PC - Preferencias importadas (DavikUser)
2023-11-23 16:00:54.205191 - Log Success: LEO-PC - Preferencias importadas (DavikUser)
2023-11-24 07:31:07.055779 - Log Success: LEO-PC - Preferencias importadas (KonemetalUser)
2023-11-24 07:35:37.508248 - Log Success: LEO-PC - Preferencias importadas (DavikUser)
2023-11-24 07:35:56.616341 - Log Success: LEO-PC - Preferencias importadas (KonemetalUser)
2023-11-24 07:36:34.754523 - Log Success: LEO-PC - Preferencias importadas (KonemetalUser)
2023-11-24 07:55:15.816644 - Log Success: LEO-PC - Preferencias importadas (DavikUser)
2023-11-24 08:26:09.124647 - Log Success: LEO-PC - Preferencias importadas (KonemetalUser)
2023-11-24 08:49:50.865966 - Log Success: LEO-PC - Preferencias importadas (KonemetalUser)
2023-11-24 08:53:22.587076 - Log Success: LEO-PC - Preferencias importadas (KonemetalUser)
2023-11-24 09:05:25.999452 - Log Success: LEO-PC - Preferencias importadas (KonemetalUser)
2023-11-24 09:20:32.357293 - Log Success: LEO-PC - Preferencias importadas (KonemetalUser)
2023-11-24 09:20:55.469615 - Log Success: LEO-PC - Preferencias importadas (KonemetalUser)
2023-11-24 09:41:46.787186 - Log Error: LEO-PC - Falha ao re-ordenar relatorio - (sortedRowsTables() missing 1 required positional argument: 'order') (KonemetalUser)
2023-11-24 09:41:49.283329 - Log Error: LEO-PC - Falha ao re-ordenar relatorio - (sortedRowsTables() missing 1 required positional argument: 'order') (KonemetalUser)
2023-11-24 10:00:59.522119 - Log Success: LEO-PC - Preferencias importadas (KonemetalUser)
2023-11-24 10:01:33.270049 - Log Error: LEO-PC - Falha ao resistrar material (KonemetalUser)
2023-11-24 10:03:53.595075 - Log Success: LEO-PC - Preferencias importadas (KonemetalUser)
2023-11-24 10:04:30.235171 - Log Success: LEO-PC - Preferencias importadas (KonemetalUser)
2023-11-24 10:15:04.039423 - Log Success: LEO-PC - Preferencias importadas (DavikUser)
2023-11-24 10:32:34.177487 - Log Success: LEO-PC - Preferencias importadas (DavikUser)
2023-11-24 10:44:24.074091 - Log Success: LEO-PC - Preferencias importadas (KonemetalUser)
2023-11-24 10:45:34.756134 - Log Error: LEO-PC - Falha ao resistrar material - (name 'konemetal_report' is not defined) (KonemetalUser)
2023-11-24 11:16:59.605941 - Log Success: LEO-PC - Preferencias importadas (KonemetalUser)
2023-11-24 11:22:39.970409 - Log Success: LEO-PC - Preferencias importadas (KonemetalUser)
2023-11-24 11:34:06.344667 - Log Success: LEO-PC - Preferencias importadas (KonemetalUser)
2023-11-24 11:35:04.282981 - Log Success: LEO-PC - Preferencias importadas (KonemetalUser)
2023-11-24 13:34:39.628387 - Log Success: LEO-PC - Preferencias importadas (KonemetalUser)
2023-11-24 13:36:02.998156 - Log Success: LEO-PC - Preferencias importadas (DavikUser)
2023-11-24 13:36:43.798489 - Log Success: LEO-PC - Preferencias importadas (KonemetalUser)
2023-11-24 13:37:44.055936 - Log Error: LEO-PC - Falha ao resistrar material - ('-data-') (KonemetalUser)
2023-11-24 13:37:59.433815 - Log Error: LEO-PC - Falha ao resistrar material - ('-data-') (KonemetalUser)
2023-11-24 13:39:07.697720 - Log Success: LEO-PC - Preferencias importadas (KonemetalUser)
2023-11-24 13:40:41.535087 - Log Success: LEO-PC - Preferencias importadas (KonemetalUser)
2023-11-24 13:41:05.963484 - Log Error: LEO-PC - Falha ao resistrar material - (no such table: DaviK_Main) (KonemetalUser)
2023-11-24 13:42:07.918028 - Log Success: LEO-PC - Preferencias importadas (KonemetalUser)
2023-11-24 13:42:53.382628 - Log Success: LEO-PC - Preferencias importadas (KonemetalUser)
2023-11-24 13:48:29.169834 - Log Success: LEO-PC - Preferencias importadas (KonemetalUser)
2023-11-24 13:51:06.593838 - Log Success: LEO-PC - Preferencias importadas (KonemetalUser)
2023-11-24 13:55:55.960389 - Log Success: LEO-PC - Preferencias importadas (KonemetalUser)
2023-11-24 13:57:04.152290 - Log Error: LEO-PC - Falha ao resistrar material - (' ') (KonemetalUser)
2023-11-24 13:58:08.065945 - Log Success: LEO-PC - Preferencias importadas (DavikUser)
2023-11-24 13:58:17.482484 - Log Success: LEO-PC - Preferencias importadas (KonemetalUser)
2023-11-24 13:59:43.343395 - Log Success: LEO-PC - Preferencias importadas (KonemetalUser)
2023-11-24 14:04:29.951788 - Log Success: LEO-PC - Preferencias importadas (KonemetalUser)
2023-11-24 14:11:48.527873 - Log Success: LEO-PC - Preferencias importadas (KonemetalUser)
2023-11-24 14:13:42.735405 - Log Success: LEO-PC - Preferencias importadas (KonemetalUser)
2023-11-24 14:14:50.534283 - Log Success: LEO-PC - Preferencias importadas (KonemetalUser)
2023-11-24 14:18:54.972264 - Log Success: LEO-PC - Preferencias importadas (KonemetalUser)
2023-11-24 14:26:25.336024 - Log Success: LEO-PC - Preferencias importadas (KonemetalUser)
2023-11-24 14:28:17.392433 - Log Success: LEO-PC - Preferencias importadas (KonemetalUser)
2023-11-24 14:28:19.052528 - Log Error: LEO-PC - Falha ao re-ordenar relatorio - (sortedRowsTables() missing 1 required positional argument: 'order') (KonemetalUser)
2023-11-24 14:29:09.282401 - Log Error: LEO-PC - Falha ao re-ordenar relatorio - (sortedRowsTables() missing 1 required positional argument: 'order') (KonemetalUser)
2023-11-24 14:35:27.801051 - Log Success: LEO-PC - Material RAC 1-1/16" 6000mm Laminado doc:12345 24/11/2023 registrado com sucesso (KonemetalUser)
2023-11-24 16:50:19.360861 - Log Success: LEO-PC - Preferencias importadas (KonemetalUser)
2023-11-27 08:32:46.432201 - Log Success: LEO-PC - Preferencias importadas (KonemetalUser)
2023-11-27 11:28:41.189160 - Log Success: LEO-PC - Preferencias importadas (KonemetalUser)
2023-11-27 11:29:08.696734 - Log Success: LEO-PC - Preferencias importadas (KonemetalUser)
2023-11-27 11:30:15.773570 - Log Success: LEO-PC - Preferencias importadas (KonemetalUser)
2023-11-27 11:32:50.783436 - Log Success: LEO-PC - Preferencias importadas (KonemetalUser)
2023-11-27 11:35:02.026943 - Log Success: LEO-PC - Preferencias importadas (KonemetalUser)
2023-11-27 11:39:17.115533 - Log Success: LEO-PC - Preferencias importadas (KonemetalUser)
2023-11-27 11:39:30.317288 - Log Success: LEO-PC - Preferencias importadas (DavikUser)
2023-11-27 11:42:49.779697 - Log Success: LEO-PC - Preferencias importadas (KonemetalUser)
2023-11-27 12:02:43.384066 - Log Error: LEO-PC - Falha ao editar material: - (name 'davik' is not defined) (KonemetalUser)
2023-11-27 12:10:33.101984 - Log Success: LEO-PC - Preferencias importadas (KonemetalUser)
2023-11-27 12:11:26.400817 - Log Success: LEO-PC - Preferencias importadas (KonemetalUser)
2023-11-27 12:11:32.998306 - Log Error: LEO-PC - Falha ao editar material: - (name 'davik' is not defined) (KonemetalUser)
2023-11-27 12:12:29.200945 - Log Success: LEO-PC - Preferencias importadas (KonemetalUser)
2023-11-27 12:12:33.463373 - Log Error: LEO-PC - Falha ao editar material: - ('-data-') (KonemetalUser)
2023-11-27 12:13:24.299844 - Log Success: LEO-PC - Preferencias importadas (KonemetalUser)
2023-11-27 12:13:28.781320 - Log Error: LEO-PC - Falha ao editar material: - ('-data-') (KonemetalUser)
2023-11-27 13:11:02.896352 - Log Success: LEO-PC - Preferencias importadas (KonemetalUser)
2023-11-27 13:12:59.615550 - Log Success: LEO-PC - Preferencias importadas (KonemetalUser)
2023-11-27 13:15:58.676308 - Log Success: LEO-PC - Preferencias importadas (KonemetalUser)
2023-11-27 13:18:27.924045 - Log Success: LEO-PC - Preferencias importadas (KonemetalUser)
2023-11-27 14:01:35.352295 - Log Success: LEO-PC - Preferencias importadas (KonemetalUser)
2023-11-27 14:30:51.856931 - Log Success: LEO-PC - Preferencias importadas (KonemetalUser)
2023-11-27 14:31:22.825604 - Log Success: LEO-PC - Preferencias importadas (KonemetalUser)
2023-11-27 14:35:00.041355 - Log Success: LEO-PC - Preferencias importadas (KonemetalUser)
2023-11-27 14:35:47.504252 - Log Success: LEO-PC - Preferencias importadas (KonemetalUser)
2023-11-27 14:36:04.804239 - Log Success: LEO-PC - Preferencias importadas (KonemetalUser)
2023-11-27 15:03:35.832128 - Log Success: LEO-PC - Preferencias importadas (KonemetalUser)
2023-11-27 16:56:15.731321 - Log Success: LEO-PC - Preferencias importadas (KonemetalUser)
2023-11-27 16:56:17.372747 - Log Error: LEO-PC - Falha ao re-ordenar relatorio - (sortedRowsTables() missing 1 required positional argument: 'order') (KonemetalUser)
2023-11-28 07:18:10.322307 - Log Success: LEO-PC - Preferencias importadas (KonemetalUser)
2023-11-28 07:18:58.829514 - Log Success: LEO-PC - Preferencias importadas (KonemetalUser)
2023-11-28 07:21:40.816088 - Log Success: LEO-PC - Preferencias importadas (KonemetalUser)
2023-11-28 07:35:49.031123 - Log Success: LEO-PC - Preferencias importadas (KonemetalUser)
2023-11-28 07:36:11.762541 - Log Success: LEO-PC - Preferencias importadas (DavikUser)
2023-11-28 07:40:11.723473 - Log Success: LEO-PC - Preferencias importadas (KonemetalUser)
2023-11-28 07:44:16.043116 - Log Success: LEO-PC - Preferencias importadas (KonemetalUser)
2023-11-28 07:45:43.582286 - Log Success: LEO-PC - Preferencias importadas (KonemetalUser)
2023-11-28 07:48:06.536085 - Log Success: LEO-PC - Preferencias importadas (KonemetalUser)
2023-11-28 08:18:35.993469 - Log Success: LEO-PC - Preferencias importadas (KonemetalUser)
2023-11-28 08:19:37.475414 - Log Error: LEO-PC - Falha ao resistrar material - (invalid literal for int() with base 10: '2"X5') (KonemetalUser)
2023-11-28 08:20:33.928673 - Log Success: LEO-PC - Material TNai 25x010 500000mm Trefilado doc:123555 28/11/2023 registrado com sucesso (KonemetalUser)
2023-11-28 08:22:00.701200 - Log Success: LEO-PC - Preferencias importadas (DavikUser)
2023-11-28 08:22:10.680748 - Log Success: LEO-PC - Preferencias importadas (KonemetalUser)
2023-11-28 08:24:20.313742 - Log Success: LEO-PC - Preferencias importadas (KonemetalUser)
2023-11-28 08:29:02.647325 - Log Error: LEO-PC - Falha ao re-ordenar relatorio - (sortedRowsTables() missing 1 required positional argument: 'order') (KonemetalUser)
2023-11-28 09:04:10.497970 - Log Success: LEO-PC - Preferencias importadas (KonemetalUser)
2023-11-28 09:04:24.478617 - Log Success: LEO-PC - Preferencias importadas (KonemetalUser)
2023-11-28 09:06:44.942407 - Log Success: LEO-PC - Preferencias importadas (KonemetalUser)
2023-11-28 09:08:12.056660 - Log Success: LEO-PC - Preferencias importadas (KonemetalUser)
2023-11-28 09:12:25.192522 - Log Success: LEO-PC - Preferencias importadas (KonemetalUser)
2023-11-28 09:14:49.885019 - Log Success: LEO-PC - Preferencias importadas (KonemetalUser)
2023-11-28 09:15:24.552280 - Log Success: LEO-PC - Material RBB 1" 5000mm Retificado doc:5111 28/11/2023 registrado com sucesso (KonemetalUser)
2023-11-28 09:27:25.738917 - Log Success: LEO-PC - Preferencias importadas (KonemetalUser)
2023-11-28 09:27:56.303869 - Log Success: LEO-PC - Preferencias importadas (KonemetalUser)
2023-11-28 09:28:56.669324 - Log Success: LEO-PC - Preferencias importadas (KonemetalUser)
2023-11-28 09:37:10.730127 - Log Success: LEO-PC - Preferencias importadas (KonemetalUser)
2023-11-28 09:52:45.754297 - Log Success: LEO-PC - Preferencias importadas (KonemetalUser)
2023-11-28 09:54:03.870823 - Log Success: LEO-PC - Preferencias importadas (KonemetalUser)
2023-11-28 10:52:44.513343 - Log Success: LEO-PC - Preferencias importadas (KonemetalUser)
2023-11-28 10:55:20.142540 - Log Success: LEO-PC - Preferencias importadas (DavikUser)
2023-11-28 11:00:50.634177 - Log Success: LEO-PC - Preferencias importadas (DavikUser)
2023-11-28 11:01:21.987350 - Log Success: LEO-PC - Preferencias importadas (DavikUser)
2023-11-28 11:02:32.808577 - Log Success: LEO-PC - Preferencias importadas (DavikUser)
2023-11-28 11:03:10.223634 - Log Success: LEO-PC - Preferencias importadas (KonemetalUser)
2023-11-28 11:03:41.653222 - Log Success: LEO-PC - Preferencias importadas (KonemetalUser)
2023-11-28 11:05:22.976154 - Log Success: LEO-PC - Preferencias importadas (KonemetalUser)
2023-11-28 11:20:31.801124 - Log Success: LEO-PC - Preferencias importadas (KonemetalUser)
2023-11-28 11:39:13.387665 - Log Success: LEO-PC - Preferencias importadas (KonemetalUser)
2023-11-28 11:40:35.599793 - Log Success: LEO-PC - Preferencias importadas (KonemetalUser)
2023-11-28 11:41:40.090711 - Log Success: LEO-PC - Preferencias importadas (KonemetalUser)
2023-11-28 11:41:53.143310 - Log Success: LEO-PC - Preferencias importadas (DavikUser)
2023-11-28 11:42:57.784629 - Log Success: LEO-PC - Preferencias importadas (DavikUser)
2023-11-28 11:44:31.388511 - Log Success: LEO-PC - Preferencias importadas (DavikUser)
2023-11-28 11:55:16.084749 - Log Success: LEO-PC - Preferencias importadas (KonemetalUser)
2023-11-28 12:03:31.146787 - Log Success: LEO-PC - Preferencias importadas (DavikUser)
2023-11-28 13:14:58.075461 - Log Success: LEO-PC - Preferencias importadas (DavikUser)
2023-11-28 13:18:04.383772 - Log Success: LEO-PC - Preferencias importadas (DavikUser)
2023-11-28 13:20:32.390936 - Log Success: LEO-PC - Preferencias importadas (DavikUser)
2023-11-28 13:21:05.175040 - Log Success: LEO-PC - Preferencias importadas (DavikUser)
2023-11-28 13:21:29.174385 - Log Success: LEO-PC - Preferencias importadas (DavikUser)
2023-11-28 13:26:39.108253 - Log Success: LEO-PC - Preferencias importadas (KonemetalUser)
2023-11-28 13:28:06.731433 - Log Success: LEO-PC - Preferencias importadas (KonemetalUser)
2023-11-28 13:32:43.542101 - Log Success: LEO-PC - Preferencias importadas (KonemetalUser)
2023-11-28 13:33:09.963457 - Log Success: LEO-PC - Material RAC 1" 1000mm Laminado doc:123145 08/11/2023 registrado com sucesso (KonemetalUser)
2023-11-28 13:33:25.030941 - Log Success: LEO-PC - Material RAC 1-1/2" 1000mm Descascado doc:123145 23/11/2023 registrado com sucesso (KonemetalUser)
2023-11-28 13:39:29.581795 - Log Success: LEO-PC - Material excluido com sucesso. (KonemetalUser)
2023-11-28 13:40:45.983709 - Log Success: LEO-PC - Preferencias importadas (KonemetalUser)
2023-11-28 13:41:31.490490 - Log Success: LEO-PC - Material Sac 10 10mm Laminado doc:10 28/11/2023 registrado com sucesso (KonemetalUser)
2023-11-28 13:41:34.010103 - Log Success: LEO-PC - Material excluido com sucesso. (KonemetalUser)
2023-11-28 13:55:35.240070 - Log Success: LEO-PC - Preferencias importadas (DavikUser)
2023-11-28 13:55:41.840158 - Log Success: LEO-PC - Material excluido com sucesso. (DavikUser)
2023-11-28 13:55:49.397985 - Log Error: LEO-PC - Falha ao editar material: - (name 'davik' is not defined) (DavikUser)
2023-11-28 14:06:38.189430 - Log Success: LEO-PC - Preferencias importadas (DavikUser)
2023-11-28 14:09:15.231843 - Log Success: LEO-PC - Preferencias importadas (DavikUser)
2023-11-28 14:20:35.735621 - Log Success: LEO-PC - Preferencias importadas (KonemetalUser)
2023-11-28 16:47:00.261014 - Log Success: LEO-PC - Preferencias importadas (DavikUser)
2023-11-28 16:48:05.934276 - Log Success: LEO-PC - Preferencias importadas (DavikUser)
2023-11-28 16:48:49.811535 - Log Success: LEO-PC - Preferencias importadas (DavikUser)
2023-11-29 07:40:36.072656 - Log Success: LEO-PC - Preferencias importadas (KonemetalUser)
2023-11-29 09:05:04.719808 - Log Success: LEO-PC - Preferencias importadas (KonemetalUser)
2023-11-29 09:05:28.868888 - Log Success: LEO-PC - Material TNAI 10x25 1000mm Fresado doc:12345 29/11/2023 registrado com sucesso (KonemetalUser)
2023-11-29 15:26:21.822362 - Log Success: LEO-PC - Preferencias importadas (DavikUser)
2023-11-29 15:26:37.239303 - Log Success: LEO-PC - Calculo redondo 1000 = 2120,58kg/M (DavikUser)
2023-11-29 15:27:02.327877 - Log Success: LEO-PC - KAC 1" 45 Fresado registrado com sucesso. (DavikUser)
2023-11-29 15:27:03.473084 - Log Success: LEO-PC - KAC 1" 45 Fresado registrado com sucesso. (DavikUser)
2023-11-29 15:27:03.750889 - Log Success: LEO-PC - KAC 1" 45 Fresado registrado com sucesso. (DavikUser)
2023-11-29 15:27:15.554928 - Log Error: LEO-PC - Falha ao editar material: - (name 'davik' is not defined) (DavikUser)
2023-11-30 10:41:56.791666 - Log Success: LEO-PC - Preferencias importadas (KonemetalUser)
2023-12-04 12:09:52.926502 - Log Success: LEO-PC - Calculo redondo 25 = 3,875kg/M (DavikUser)
2023-12-04 12:12:07.797216 - Log Success: LEO-PC - calculo_sext 25 = 4,250kg/M (DavikUser)
2023-12-04 12:12:11.621435 - Log Success: LEO-PC - calculo_quad 10x01 = 0,079kg/M (DavikUser)
2023-12-04 12:12:14.770615 - Log Success: LEO-PC - calculo_tubo 10x5 = 0,465kg/M (DavikUser)
2023-12-04 12:12:17.915795 - Log Success: LEO-PC - Calculo redondo 55 = 20,216kg/M (DavikUser)
2023-12-04 12:12:18.648837 - Log Success: LEO-PC - calculo_sext 25 = 4,599kg/M (DavikUser)
2023-12-04 12:12:19.567890 - Log Success: LEO-PC - calculo_quad 10x01 = 0,000kg/M (DavikUser)
2023-12-04 12:12:23.149094 - Log Success: LEO-PC - calculo_quad 10x010 = 0,000kg/M (DavikUser)
2023-12-04 12:12:26.540288 - Log Success: LEO-PC - calculo_quad 100x0100 = 0,000kg/M (DavikUser)
2023-12-04 12:12:27.509344 - Log Success: LEO-PC - calculo_tubo 10x5 = 0,501kg/M (DavikUser)
2023-12-04 12:12:30.239500 - Log Success: LEO-PC - Calculo redondo 55 = 6,415kg/M (DavikUser)
2023-12-04 12:12:31.102549 - Log Success: LEO-PC - calculo_sext 25 = 1,465kg/M (DavikUser)
2023-12-04 12:12:31.927597 - Log Success: LEO-PC - calculo_quad 100x0100 = 27,280kg/M (DavikUser)
2023-12-04 12:12:34.415739 - Log Success: LEO-PC - calculo_tubo 10x5 = 0,159kg/M (DavikUser)
2023-12-11 09:15:16.006518 - Log Error: LEO-PC - Falha ao resistrar material - (name 'konemetal_report' is not defined) (KonemetalUser)
2023-12-11 09:41:07.962003 - Log Error: LEO-PC - Falha ao resistrar material - (name 'konemetal_report' is not defined) (KonemetalUser)
2023-12-11 10:31:21.630391 - Log Error: LEO-PC - Falha ao resistrar material - (local variable 'material_list' referenced before assignment) (KonemetalUser)
2023-12-11 10:44:09.265792 - Log Success: LEO-PC - Material extra registrado com sucesso (KonemetalUser)
2023-12-11 10:44:11.189600 - Log Success: LEO-PC - Material extra registrado com sucesso (KonemetalUser)
2023-12-11 10:44:11.738808 - Log Success: LEO-PC - Material extra registrado com sucesso (KonemetalUser)
2023-12-11 10:44:12.022613 - Log Success: LEO-PC - Material extra registrado com sucesso (KonemetalUser)
2023-12-11 15:56:57.691254 - Log Success: LEO-PC - Material extra registrado com sucesso (KonemetalUser)
2023-12-11 16:28:34.984314 - Log Error: LEO-PC - Não foi possivel Filtrar relatorio - (string index out of range) (KonemetalUser)
2023-12-12 08:34:18.167677 - Log Error: LEO-PC - Não foi possivel criar relatorio excel - (name 'davik_report' is not defined) (DavikUser)
2023-12-12 09:03:51.827119 - Log Success: LEO-PC - Material rar 1-11/16" 1000mm Descascado registrado com sucesso (DavikUser)
2023-12-12 11:19:07.664044 - Log Success: LEO-PC - Material RAB 1-1/16" 1000mm Laminado registrado com sucesso (KonemetalUser)
2023-12-12 11:19:08.752054 - Log Success: LEO-PC - Material RAB 1-1/16" 1000mm Laminado registrado com sucesso (KonemetalUser)
2023-12-12 11:19:09.418463 - Log Success: LEO-PC - Material RAB 1-1/16" 1000mm Laminado registrado com sucesso (KonemetalUser)
2023-12-12 11:19:23.409623 - Log Error: LEO-PC - Não foi possivel criar relatorio excel - (name 'konemetal_report' is not defined) (KonemetalUser)
2023-12-12 14:07:20.655403 - Log Error: LEO-PC - Não foi possivel Filtrar relatorio - (string index out of range) (KonemetalUser)
2023-12-12 15:25:31.846490 - Log Error: LEO-PC - Não foi possivel Filtrar relatorio - (name 'relatorio_temporario_filtrado' is not defined) (KonemetalUser)
2023-12-12 15:30:31.478628 - Log Error: LEO-PC - Não foi possivel Filtrar relatorio - (string index out of range) (KonemetalUser)
2023-12-12 15:42:43.143477 - Log Error: LEO-PC - Falha ao atualizar relatorio - (coloringRows() missing 1 required positional argument: 'user_background_color') (KonemetalUser)
2023-12-12 15:51:24.225526 - Log Success: LEO-PC - Relatorio filtrado com sucesso (KonemetalUser)
2023-12-12 15:51:46.168653 - Log Success: LEO-PC - Relatorio filtrado com sucesso (KonemetalUser)
2023-12-12 15:52:46.990295 - Log Success: LEO-PC - Relatorio filtrado com sucesso (KonemetalUser)
2023-12-12 15:52:53.110330 - Log Success: LEO-PC - Relatorio filtrado com sucesso (KonemetalUser)
2023-12-12 15:52:54.639546 - Log Error: LEO-PC - Falha ao atualizar relatorio - (coloringRows() missing 1 required positional argument: 'user_background_color') (KonemetalUser)
2023-12-12 15:54:39.210165 - Log Success: LEO-PC - Relatorio filtrado com sucesso (KonemetalUser)
2023-12-12 15:54:43.319598 - Log Success: LEO-PC - Relatorio filtrado com sucesso (KonemetalUser)
2023-12-12 15:54:48.068416 - Log Success: LEO-PC - Relatorio foi atualizado com sucesso. (KonemetalUser)
2023-12-12 15:54:57.938251 - Log Success: LEO-PC - Backup salvo com sucesso (KonemetalUser)
2023-12-12 15:55:05.106875 - Log Success: LEO-PC - Material excluido com sucesso. (KonemetalUser)
2023-12-12 16:05:24.829684 - Log Success: LEO-PC - Material extra registrado com sucesso (KonemetalUser)
2023-12-15 07:46:21.179819 - Log Success: LEO-PC - Material extra registrado com sucesso (KonemetalUser)
2023-12-15 07:49:09.986849 - Log Success: LEO-PC - Material extra registrado com sucesso (KonemetalUser)
2023-12-18 15:18:44.721696 - Log Success: LEO-PC - Material excluido com sucesso. (DavikUser)
2023-12-18 15:18:57.210322 - Log Error: LEO-PC - Falha ao editar material: - (name 'davik' is not defined) (DavikUser)
2023-12-18 16:22:55.038373 - Log Success: LEO-PC - Calculo redondo 31,75 = 6,250kg/M (KonemetalUser)
2023-12-18 16:23:34.870709 - Log Success: LEO-PC - Calculo redondo 44,45 = 12,250kg/M (KonemetalUser)
2023-12-19 15:18:57.145169 - Log Success: LEO-PC - Material RAA 25 1000mm Retificado registrado com sucesso (DavikUser)
2023-12-19 15:37:48.489864 - Log Success: LEO-PC - Material excluido com sucesso. (DavikUser)
2023-12-19 15:41:10.600424 - Log Error: LEO-PC - Falha ao resistrar material (DavikUser)
2023-12-19 16:15:29.192943 - Log Success: LEO-PC - Material QAB 1" 1000mm Laminado registrado com sucesso (KonemetalUser)
2023-12-19 16:15:29.872352 - Log Success: LEO-PC - Material QAB 1" 1000mm Laminado registrado com sucesso (KonemetalUser)
2023-12-19 16:15:30.319757 - Log Success: LEO-PC - Material QAB 1" 1000mm Laminado registrado com sucesso (KonemetalUser)
2023-12-20 08:41:08.531496 - Log Success: LEO-PC - Material RAC 1" 2500mm Laminado registrado com sucesso (DavikUser)
2023-12-20 08:41:08.562096 - Log Success: LEO-PC - Material RAC 1" 2500mm Laminado registrado com sucesso (DavikUser)
2023-12-20 08:41:08.792105 - Log Success: LEO-PC - Material RAC 1" 2500mm Laminado registrado com sucesso (DavikUser)
2023-12-20 08:41:09.039710 - Log Success: LEO-PC - Material RAC 1" 2500mm Laminado registrado com sucesso (DavikUser)
2023-12-28 16:34:16.924529 - Log Error: USUÁRIO-PC - Falha ao registrar material - (could not convert string to float: '50,8') (DavikUser)
2023-12-28 16:34:21.627651 - Log Error: USUÁRIO-PC - Falha ao registrar material - (could not convert string to float: '50,8') (DavikUser)
2023-12-28 16:34:29.627650 - Log Error: USUÁRIO-PC - Falha ao registrar material - (could not convert string to float: '50,8') (DavikUser)
2023-12-28 16:35:17.702502 - Log Success: LEO-PC - Material RAA 10 1000mm Laminado registrado com sucesso (DavikUser)
2023-12-28 16:37:10.253865 - Log Error: USUÁRIO-PC - Falha ao registrar material - (could not convert string to float: '50,8') (DavikUser)
2023-12-28 16:37:28.097615 - Log Error: USUÁRIO-PC - Falha ao registrar material - (could not convert string to float: '50,8') (DavikUser)
2023-12-28 16:37:43.394493 - Log Success: USUÁRIO-PC - Material SAA 50 6000mm Trefilado registrado com sucesso (DavikUser)
2024-01-04 10:33:28.065131 - Log Success: LEO-PC - Material rAC 15/16" 10450mm Trefilado registrado com sucesso (KonemetalUser)
2024-01-04 10:36:14.473163 - Log Success: LEO-PC - Material SAC 15/16" 700mm Trefilado registrado com sucesso (KonemetalUser)
2024-01-04 10:37:37.281924 - Log Success: LEO-PC - Relatorio foi atualizado com sucesso. (KonemetalUser)
2024-01-04 10:39:23.863130 - Log Success: LEO-PC - Material SAC 22 36850mm Trefilado registrado com sucesso (KonemetalUser)
2024-01-04 10:39:52.691782 - Log Success: LEO-PC - Material RAC 25 27040mm Trefilado registrado com sucesso (KonemetalUser)
2024-01-04 10:40:18.326830 - Log Success: LEO-PC - Material RAC 25 27640mm Trefilado registrado com sucesso (KonemetalUser)
2024-01-04 10:40:42.097681 - Log Success: LEO-PC - Material RAC 25 54600mm Trefilado registrado com sucesso (KonemetalUser)
2024-01-04 10:41:10.056935 - Log Success: LEO-PC - Material RAC 25 160000mm Trefilado registrado com sucesso (KonemetalUser)
2024-01-04 10:41:31.317375 - Log Success: LEO-PC - Material RAC 25 165000mm Trefilado registrado com sucesso (KonemetalUser)
2024-01-04 10:44:26.564508 - Log Success: LEO-PC - Material SAC 32 1340mm Trefilado registrado com sucesso (KonemetalUser)
2024-01-04 10:44:51.217961 - Log Success: LEO-PC - Material SAC 32 1550mm Trefilado registrado com sucesso (KonemetalUser)
2024-01-04 10:45:22.825228 - Log Success: LEO-PC - Material SAC 32 5950mm Trefilado registrado com sucesso (KonemetalUser)
2024-01-04 10:45:57.876701 - Log Success: LEO-PC - Material SAC 32 15500mm Trefilado registrado com sucesso (KonemetalUser)
2024-01-04 10:47:01.997038 - Log Success: LEO-PC - Material SAC 32 29450mm Trefilado registrado com sucesso (KonemetalUser)
2024-01-04 10:49:45.542191 - Log Success: LEO-PC - Material TNAG 32X20,6 26730mm Trefilado registrado com sucesso (KonemetalUser)
2024-01-04 10:50:34.576896 - Log Success: LEO-PC - Material TNAG 32X20,6 101230mm Trefilado registrado com sucesso (KonemetalUser)
2024-01-04 10:50:55.759341 - Log Success: LEO-PC - Material TNAG 32X20,6 101230mm Trefilado registrado com sucesso (KonemetalUser)
2024-01-04 10:52:14.383923 - Log Success: LEO-PC - Material TNAG 38X25,4 162680mm Trefilado registrado com sucesso (KonemetalUser)
2024-01-04 10:52:58.050219 - Log Success: LEO-PC - Material SAC 36 4000mm Trefilado registrado com sucesso (KonemetalUser)
2024-01-04 10:53:14.648454 - Log Success: LEO-PC - Material SAC 36 35200mm Trefilado registrado com sucesso (KonemetalUser)
2024-01-04 10:59:21.966490 - Log Success: LEO-PC - Material RAA 1/4" 3000mm Trefilado registrado com sucesso (KonemetalUser)
2024-01-04 11:00:21.937017 - Log Success: LEO-PC - Material RAA 1/4" 4500mm Trefilado registrado com sucesso (KonemetalUser)
2024-01-04 11:00:45.312471 - Log Success: LEO-PC - Material RAA 1/4" 1600mm Trefilado registrado com sucesso (KonemetalUser)
2024-01-04 11:01:21.815147 - Log Success: LEO-PC - Material SAC 3/4" 5710mm Trefilado registrado com sucesso (KonemetalUser)
2024-01-04 11:01:44.865397 - Log Success: LEO-PC - Material SAC 3/4" 6000mm Trefilado registrado com sucesso (KonemetalUser)
2024-01-04 11:02:09.366449 - Log Success: LEO-PC - Material SAC 3/4" 16800mm Trefilado registrado com sucesso (KonemetalUser)
2024-01-04 11:02:49.499142 - Log Success: LEO-PC - Material SAC 1-1/16" 51745mm Trefilado registrado com sucesso (KonemetalUser)
2024-01-04 11:03:09.900784 - Log Success: LEO-PC - Material SAC 1-1/2" 115360mm Trefilado registrado com sucesso (KonemetalUser)
2024-01-04 11:03:37.661044 - Log Success: LEO-PC - Material SAC 1-1/4" 44000mm Trefilado registrado com sucesso (KonemetalUser)
2024-01-04 15:31:46.883375 - Log Success: LEO-PC - Material Rac 25 9000mm Trefilado registrado com sucesso (KonemetalUser)
2024-01-04 15:32:08.275617 - Log Success: LEO-PC - Material sac 5/8" 9000mm Trefilado registrado com sucesso (KonemetalUser)
2024-01-04 15:32:18.621483 - Log Success: LEO-PC - Material sac 3/4" 9000mm Trefilado registrado com sucesso (KonemetalUser)
2024-01-04 15:32:27.909499 - Log Success: LEO-PC - Material sac 7/8" 9000mm Trefilado registrado com sucesso (KonemetalUser)
2024-01-04 15:32:36.560915 - Log Success: LEO-PC - Material sac 1-1/16" 9000mm Trefilado registrado com sucesso (KonemetalUser)
2024-01-04 16:06:44.923430 - Log Success: USUÁRIO-PC - Material RAD 4" 6000mm Laminado registrado com sucesso (DavikUser)
2024-01-04 16:07:07.919486 - Log Error: USUÁRIO-PC - Falha ao registrar material - (could not convert string to float: '20,20') (DavikUser)
2024-01-04 16:09:45.463913 - Log Success: USUÁRIO-PC - Material SAC 7/8 12000mm Trefilado registrado com sucesso (DavikUser)
2024-01-04 16:10:05.401413 - Log Success: USUÁRIO-PC - Material RAC 1" 12000mm Trefilado registrado com sucesso (DavikUser)
2024-01-04 16:10:15.840239 - Log Success: USUÁRIO-PC - Material RAC 1-1/4 12000mm Trefilado registrado com sucesso (DavikUser)
2024-01-04 16:18:32.387112 - Log Success: USUÁRIO-PC - Material RAC 15/16 12000mm Trefilado registrado com sucesso (DavikUser)
2024-01-04 16:18:47.074609 - Log Success: USUÁRIO-PC - Material SAC 1-1/2 12000mm Trefilado registrado com sucesso (DavikUser)
2024-01-04 16:18:55.715234 - Log Success: USUÁRIO-PC - Material SAC 1-1/4 12000mm Trefilado registrado com sucesso (DavikUser)
2024-01-04 16:19:08.512112 - Log Success: USUÁRIO-PC - Material SAC 1-3/8 12000mm Trefilado registrado com sucesso (DavikUser)
2024-01-04 16:19:17.246485 - Log Success: USUÁRIO-PC - Material SAC 13/16 12000mm Trefilado registrado com sucesso (DavikUser)
2024-01-04 16:19:24.371486 - Log Success: USUÁRIO-PC - Material SAC 5/8 12000mm Trefilado registrado com sucesso (DavikUser)
2024-01-04 16:19:34.808986 - Log Success: USUÁRIO-PC - Material SAC 7/8 12000mm Trefilado registrado com sucesso (DavikUser)
2024-01-04 16:19:47.668363 - Log Success: USUÁRIO-PC - Material RAD 1-1/8 12000mm Trefilado registrado com sucesso (DavikUser)
2024-01-04 16:19:56.418363 - Log Success: USUÁRIO-PC - Material RAD 20 12000mm Trefilado registrado com sucesso (DavikUser)
2024-01-04 16:20:04.558991 - Log Success: USUÁRIO-PC - Material RAD 3/4 12000mm Trefilado registrado com sucesso (DavikUser)
2024-01-04 16:20:31.793363 - Log Success: USUÁRIO-PC - Material RAD 7/8 12000mm Trefilado registrado com sucesso (DavikUser)
2024-01-04 16:20:45.324613 - Log Success: USUÁRIO-PC - Material RAG 2-1/2 12000mm Trefilado registrado com sucesso (DavikUser)
2024-01-04 16:20:51.605859 - Log Success: USUÁRIO-PC - Material RAG 2-5/8 12000mm Trefilado registrado com sucesso (DavikUser)
2024-01-04 16:20:59.777738 - Log Success: USUÁRIO-PC - Material RAG 4 12000mm Trefilado registrado com sucesso (DavikUser)
2024-01-04 16:23:36.230863 - Log Success: USUÁRIO-PC - Material RII 1/2 12000mm Trefilado registrado com sucesso (DavikUser)
2024-01-04 16:24:00.449609 - Log Success: USUÁRIO-PC - Material RIL 1/2 12000mm Trefilado registrado com sucesso (DavikUser)
2024-01-04 16:24:12.090235 - Log Success: USUÁRIO-PC - Material RIL 7/16 12000mm Trefilado registrado com sucesso (DavikUser)
2024-01-04 16:24:32.152738 - Log Success: USUÁRIO-PC - Material RAR 1-3/4 12000mm Trefilado registrado com sucesso (DavikUser)
2024-01-04 16:26:11.204096 - Log Error: LEO-PC - Falha ao editar material: - (name 'quilos' is not defined) (DavikUser)
2024-01-04 16:26:42.452153 - Log Error: LEO-PC - Falha ao editar material: - (name 'quilos' is not defined) (DavikUser)
2024-01-04 16:32:51.385498 - Log Success: LEO-PC - Material CZMG 515'' 1215mm 155 registrado com sucesso (DavikUser)
2024-01-04 16:36:14.174766 - Log Success: LEO-PC - Material excluido com sucesso. (DavikUser)
2024-01-04 16:38:45.871983 - Log Success: USUÁRIO-PC - Salvo no banco de dados material: RAG 2-1/2 12000mm LAMINADO _ _ (DavikUser)
2024-01-04 16:39:03.590734 - Log Success: USUÁRIO-PC - Salvo no banco de dados material: RAG 2-5/8 12000mm LAMINADO _ _ (DavikUser)
2024-01-04 16:39:18.012609 - Log Success: USUÁRIO-PC - Salvo no banco de dados material: RAD 20 12000mm RETIFICADO _ _ (DavikUser)
2024-01-04 16:39:40.168857 - Log Success: USUÁRIO-PC - Material excluido com sucesso. (DavikUser)
2024-01-05 08:06:05.452183 - Log Success: LEO-PC - Relatorio Excel criado com sucesso (DavikUser)
2024-01-05 08:17:38.434530 - Log Error: LEO-PC - Não foi possivel criar relatorio excel - (name 'data' is not defined) (KonemetalUser)
2024-01-05 08:17:56.748577 - Log Error: LEO-PC - Não foi possivel criar relatorio excel - (name 'data' is not defined) (KonemetalUser)
2024-01-05 08:52:27.941139 - Log Success: LEO-PC - Relatorio Excel criado com sucesso (KonemetalUser)
2024-01-08 07:34:56.029073 - Log Success: BEATRIZ - Relatorio filtrado com sucesso (KonemetalUser)
2024-01-08 07:35:01.671445 - Log Success: BEATRIZ - Relatorio filtrado com sucesso (KonemetalUser)
2024-01-08 07:50:00.072143 - Log Success: BEATRIZ - Relatorio filtrado com sucesso (KonemetalUser)
2024-01-08 07:50:09.718180 - Log Success: BEATRIZ - Relatorio foi atualizado com sucesso. (KonemetalUser)
2024-01-08 07:50:39.293244 - Log Error: LEO-PC - Falha ao carregar informações do fornecedor - ('Fabricacao') (KonemetalUser)
2024-01-08 07:50:44.581058 - Log Error: LEO-PC - Falha ao carregar informações do fornecedor - ('Fabricacao') (KonemetalUser)
2024-01-08 09:00:53.811233 - Log Success: LEO-PC - Calculo pol/mm 4 = 101.60mm (DavikUser)
2024-01-08 09:01:00.279046 - Log Success: LEO-PC - Calculo mm/pol 101,6 = 4" (DavikUser)
2024-01-08 09:01:10.372665 - Log Success: LEO-PC - Calculo redondo 101,6 = 64,000kg/M (DavikUser)
2024-01-08 09:03:16.628954 - Log Success: GESSICA-DAVIK - Salvo no banco de dados material: RAG 4" 6000mm LAMINADO _ _ (DavikUser)
2024-01-08 09:03:03.175273 - Log Success: LEO-PC - Calculo redondo 101,6 = 64,000kg/M (DavikUser)
2024-01-08 09:03:03.333273 - Log Success: LEO-PC - Calculo redondo 101,6 = 64,000kg/M (DavikUser)
2024-01-08 09:03:03.477075 - Log Success: LEO-PC - Calculo redondo 101,6 = 64,000kg/M (DavikUser)
2024-01-08 09:03:03.636476 - Log Success: LEO-PC - Calculo redondo 101,6 = 64,000kg/M (DavikUser)
2024-01-08 09:03:03.779877 - Log Success: LEO-PC - Calculo redondo 101,6 = 64,000kg/M (DavikUser)
2024-01-08 09:03:03.924277 - Log Success: LEO-PC - Calculo redondo 101,6 = 64,000kg/M (DavikUser)
2024-01-08 09:38:01.934169 - Log Error: GESSICA-DAVIK - Erro ao filtrar relatorio - (no such column: Documento) (DavikUser)
2024-01-08 09:38:02.855995 - Log Error: GESSICA-DAVIK - Erro ao filtrar relatorio - (no such column: Documento) (DavikUser)
2024-01-08 09:38:03.105985 - Log Error: GESSICA-DAVIK - Erro ao filtrar relatorio - (no such column: Documento) (DavikUser)
2024-01-08 09:38:03.340345 - Log Error: GESSICA-DAVIK - Erro ao filtrar relatorio - (no such column: Documento) (DavikUser)
2024-01-08 09:38:10.527491 - Log Error: GESSICA-DAVIK - Falha ao resistrar material (DavikUser)
2024-01-08 09:38:12.043039 - Log Error: GESSICA-DAVIK - Falha ao registrar material - (invalid literal for int() with base 10: '') (DavikUser)
2024-01-08 09:38:24.761151 - Log Success: GESSICA-DAVIK - Calculo redondo 20 = 2,480kg/M (DavikUser)
2024-01-08 09:40:53.935342 - Log Error: LEO-PC - Erro ao filtrar relatorio - (no such column: Documento) (DavikUser)
2024-01-08 09:40:54.340943 - Log Error: LEO-PC - Erro ao filtrar relatorio - (no such column: Documento) (DavikUser)
2024-01-08 09:40:54.721146 - Log Error: LEO-PC - Erro ao filtrar relatorio - (no such column: Documento) (DavikUser)
2024-01-08 09:40:56.426351 - Log Error: LEO-PC - Erro ao filtrar relatorio - (no such column: Documento) (DavikUser)
2024-01-08 09:40:56.563552 - Log Error: LEO-PC - Erro ao filtrar relatorio - (no such column: Documento) (DavikUser)
2024-01-08 09:40:56.712953 - Log Error: LEO-PC - Erro ao filtrar relatorio - (no such column: Documento) (DavikUser)
2024-01-09 07:19:21.339652 - Log Success: BEATRIZ - Material FLANGERSAE6000 R16 530mm Trefilado registrado com sucesso (KonemetalUser)
2024-01-09 07:19:40.725654 - Log Error: BEATRIZ - Falha ao editar material: - (name 'bitola' is not defined) (KonemetalUser)
2024-01-09 07:20:17.123346 - Log Success: BEATRIZ - Material SAG 1-1/16 21900mm Trefilado registrado com sucesso (KonemetalUser)
2024-01-09 07:20:32.010453 - Log Success: BEATRIZ - Material SAC 14 18700mm Trefilado registrado com sucesso (KonemetalUser)
2024-01-09 07:21:05.893072 - Log Success: BEATRIZ - Material SAC 14 20900mm Trefilado registrado com sucesso (KonemetalUser)
2024-01-09 07:22:25.717970 - Log Success: BEATRIZ - Material SAC 36 100100mm Trefilado registrado com sucesso (KonemetalUser)
2024-01-09 07:22:41.183056 - Log Success: BEATRIZ - Material SAC 32 7750mm Trefilado registrado com sucesso (KonemetalUser)
2024-01-09 07:23:14.768871 - Log Success: BEATRIZ - Material SAC 32 7750mm Trefilado registrado com sucesso (KonemetalUser)
2024-01-09 07:23:29.765291 - Log Success: BEATRIZ - Material RAC 25 168000mm Trefilado registrado com sucesso (KonemetalUser)
2024-01-09 07:24:55.338869 - Log Success: BEATRIZ - Material SAC 1-1/8 3300mm Trefilado registrado com sucesso (KonemetalUser)
2024-01-09 07:25:09.366804 - Log Success: BEATRIZ - Material SAC 1-1/8 16720mm Trefilado registrado com sucesso (KonemetalUser)
2024-01-09 07:25:19.708110 - Log Success: BEATRIZ - Material SAC 32 1860mm Trefilado registrado com sucesso (KonemetalUser)
2024-01-09 07:26:46.776507 - Log Success: BEATRIZ - Material RAC 25 54600mm Trefilado registrado com sucesso (KonemetalUser)
2024-01-09 07:29:58.044731 - Log Success: BEATRIZ - Material TBKW 32X20,6 106920mm Trefilado registrado com sucesso (KonemetalUser)
2024-01-09 07:31:57.032239 - Log Success: BEATRIZ - Material extra registrado com sucesso (KonemetalUser)
2024-01-09 07:32:13.090965 - Log Success: BEATRIZ - Linha de mp extra apagada com sucesso (KonemetalUser)
2024-01-09 07:32:17.621126 - Log Success: BEATRIZ - Material extra registrado com sucesso (KonemetalUser)
2024-01-09 07:32:30.430632 - Log Success: BEATRIZ - Material extra registrado com sucesso (KonemetalUser)
2024-01-09 07:35:28.638496 - Log Success: BEATRIZ - Relatorio filtrado com sucesso (KonemetalUser)
2024-01-09 07:36:51.540774 - Log Success: BEATRIZ - Relatorio filtrado com sucesso (KonemetalUser)
2024-01-09 07:37:01.741489 - Log Success: BEATRIZ - Relatorio filtrado com sucesso (KonemetalUser)
2024-01-09 07:38:21.378927 - Log Success: BEATRIZ - Relatorio filtrado com sucesso (KonemetalUser)
2024-01-09 07:39:23.208065 - Log Success: BEATRIZ - Relatorio filtrado com sucesso (KonemetalUser)
2024-01-09 07:39:32.049728 - Log Success: BEATRIZ - Material excluido com sucesso. (KonemetalUser)
2024-01-09 07:40:18.413769 - Log Success: BEATRIZ - Relatorio filtrado com sucesso (KonemetalUser)
2024-01-09 07:44:13.264528 - Log Success: BEATRIZ - Relatorio filtrado com sucesso (KonemetalUser)
2024-01-09 07:44:16.466895 - Log Error: BEATRIZ - Falha ao retirar a linha - (Incorrect number of bindings supplied. The current statement uses 1, and there are 2 supplied.) (KonemetalUser)
2024-01-09 07:44:22.590448 - Log Error: BEATRIZ - Falha ao retirar a linha - (Incorrect number of bindings supplied. The current statement uses 1, and there are 2 supplied.) (KonemetalUser)
2024-01-09 07:44:30.776023 - Log Error: BEATRIZ - Falha ao retirar a linha - (Incorrect number of bindings supplied. The current statement uses 1, and there are 2 supplied.) (KonemetalUser)
2024-01-09 07:48:52.273202 - Log Error: LEO-PC - Falha ao retirar a linha - (Incorrect number of bindings supplied. The current statement uses 1, and there are 2 supplied.) (KonemetalUser)
2024-01-09 07:48:57.978895 - Log Error: LEO-PC - Falha ao retirar a linha - (Incorrect number of bindings supplied. The current statement uses 1, and there are 2 supplied.) (KonemetalUser)
2024-01-09 07:52:00.380477 - Log Error: LEO-PC - Falha ao retirar a linha - (Incorrect number of bindings supplied. The current statement uses 1, and there are 2 supplied.) (KonemetalUser)
2024-01-09 07:52:07.554494 - Log Error: LEO-PC - Falha ao retirar a linha - (Incorrect number of bindings supplied. The current statement uses 1, and there are 2 supplied.) (KonemetalUser)
2024-01-09 07:59:01.864218 - Log Success: LEO-PC - Material excluido com sucesso. (KonemetalUser)
2024-01-09 08:16:15.668173 - Log Success: BEATRIZ - Relatorio filtrado com sucesso (KonemetalUser)
2024-01-09 08:16:21.448057 - Log Success: BEATRIZ - Relatorio filtrado com sucesso (KonemetalUser)
2024-01-09 08:16:28.790073 - Log Success: BEATRIZ - Relatorio filtrado com sucesso (KonemetalUser)
2024-01-09 08:16:40.599787 - Log Error: BEATRIZ - Falha ao retirar a linha - (Incorrect number of bindings supplied. The current statement uses 1, and there are 2 supplied.) (KonemetalUser)
2024-01-09 08:16:55.736830 - Log Success: BEATRIZ - Relatorio filtrado com sucesso (KonemetalUser)
2024-01-09 08:16:58.767366 - Log Success: BEATRIZ - Material excluido com sucesso. (KonemetalUser)
2024-01-09 08:17:07.452812 - Log Success: BEATRIZ - Relatorio filtrado com sucesso (KonemetalUser)
2024-01-09 08:17:46.224900 - Log Success: BEATRIZ - Relatorio filtrado com sucesso (KonemetalUser)
2024-01-09 08:17:54.488573 - Log Success: BEATRIZ - Relatorio filtrado com sucesso (KonemetalUser)
2024-01-09 08:17:57.612839 - Log Success: BEATRIZ - Material excluido com sucesso. (KonemetalUser)
2024-01-09 08:18:05.157927 - Log Success: BEATRIZ - Relatorio filtrado com sucesso (KonemetalUser)
2024-01-09 08:18:07.922903 - Log Success: BEATRIZ - Material excluido com sucesso. (KonemetalUser)
2024-01-09 08:18:18.076749 - Log Success: BEATRIZ - Relatorio filtrado com sucesso (KonemetalUser)
2024-01-09 08:18:21.076045 - Log Success: BEATRIZ - Material excluido com sucesso. (KonemetalUser)
2024-01-09 08:18:28.277464 - Log Success: BEATRIZ - Relatorio filtrado com sucesso (KonemetalUser)
2024-01-09 08:18:30.714392 - Log Success: BEATRIZ - Material excluido com sucesso. (KonemetalUser)
2024-01-09 08:18:38.009540 - Log Success: BEATRIZ - Relatorio filtrado com sucesso (KonemetalUser)
2024-01-09 08:18:40.649544 - Log Success: BEATRIZ - Material excluido com sucesso. (KonemetalUser)
2024-01-09 08:18:47.960313 - Log Success: BEATRIZ - Relatorio filtrado com sucesso (KonemetalUser)
2024-01-09 08:18:55.083629 - Log Success: BEATRIZ - Relatorio filtrado com sucesso (KonemetalUser)
2024-01-09 08:19:02.441267 - Log Success: BEATRIZ - Relatorio filtrado com sucesso (KonemetalUser)
2024-01-09 08:19:10.111343 - Log Success: BEATRIZ - Relatorio filtrado com sucesso (KonemetalUser)
2024-01-09 08:19:13.188767 - Log Success: BEATRIZ - Material excluido com sucesso. (KonemetalUser)
2024-01-09 08:19:41.822614 - Log Error: BEATRIZ - Falha ao editar material: - (name 'bitola' is not defined) (KonemetalUser)
2024-01-09 08:19:49.836318 - Log Error: BEATRIZ - Falha ao editar material: - (name 'bitola' is not defined) (KonemetalUser)
2024-01-09 08:19:59.818333 - Log Error: BEATRIZ - Falha ao editar material: - (name 'bitola' is not defined) (KonemetalUser)
2024-01-09 08:20:46.136395 - Log Success: BEATRIZ - Material excluido com sucesso. (KonemetalUser)
2024-01-09 08:20:55.493556 - Log Error: BEATRIZ - Falha ao editar material: - (name 'bitola' is not defined) (KonemetalUser)
2024-01-09 08:36:16.375306 - Log Error: BEATRIZ - Falha ao editar material: - (name 'bitola' is not defined) (KonemetalUser)
2024-01-09 08:36:53.772751 - Log Error: BEATRIZ - Falha ao editar material: - (name 'bitola' is not defined) (KonemetalUser)
2024-01-09 08:37:06.800929 - Log Error: BEATRIZ - Falha ao editar material: - (name 'bitola' is not defined) (KonemetalUser)
2024-01-09 08:36:34.058978 - Log Success: LEO-PC - Relatorio foi atualizado com sucesso. (KonemetalUser)
2024-01-09 09:35:26.992042 - Log Success: LEO-PC - Material SAC 15/16" 1000mm Trefilado registrado com sucesso (KonemetalUser)
2024-01-09 09:35:43.208301 - Log Error: LEO-PC - Falha ao editar material: - (name 'bitola' is not defined) (KonemetalUser)
2024-01-09 09:35:53.618250 - Log Error: LEO-PC - Falha ao editar material: - (name 'bitola' is not defined) (KonemetalUser)
2024-01-09 09:36:03.982209 - Log Error: LEO-PC - Falha ao editar material: - (name 'bitola' is not defined) (KonemetalUser)
2024-01-09 09:36:15.935031 - Log Success: LEO-PC - Material SAC 15/16" 1000mm Trefilado registrado com sucesso (KonemetalUser)
2024-01-09 09:36:28.739526 - Log Error: LEO-PC - Falha ao editar material: - (name 'bitola' is not defined) (KonemetalUser)
2024-01-09 11:38:48.537757 - Log Success: BEATRIZ - Material SAG 50 1295mm Trefilado registrado com sucesso (KonemetalUser)
2024-01-09 11:40:35.777317 - Log Success: BEATRIZ - Material JLAG 7 35mm Trefilado registrado com sucesso (KonemetalUser)
2024-01-09 14:56:53.932849 - Log Error: BEATRIZ - Falha ao editar material: - (name 'bitola' is not defined) (KonemetalUser)
2024-01-09 15:26:01.094193 - Log Success: BEATRIZ - Material excluido com sucesso. (KonemetalUser)
2024-01-09 15:26:09.535357 - Log Success: BEATRIZ - Relatorio filtrado com sucesso (KonemetalUser)
2024-01-09 15:30:53.489871 - Log Success: LEO-PC - Calculo redondo 76,2 = 36,000kg/M (KonemetalUser)
2024-01-10 09:04:10.098721 - Log Success: LEO-PC - Material JLAG 2 10mm Forjado registrado com sucesso (KonemetalUser)
2024-01-10 09:04:17.417772 - Log Success: LEO-PC - Material excluido com sucesso. (KonemetalUser)
2024-01-10 09:05:17.504896 - Log Error: LEO-PC - Nao foi possivel filtrar o relatorio (list index out of range) (KonemetalUser)
2024-01-10 09:13:07.563398 - Log Error: BEATRIZ - Não foi possivel Filtrar relatorio - (unrecognized token: ""1""
                ") (KonemetalUser)
2024-01-10 09:13:52.224570 - Log Success: BEATRIZ - Material excluido com sucesso. (KonemetalUser)
2024-01-10 09:14:06.785596 - Log Success: BEATRIZ - Relatorio filtrado com sucesso (KonemetalUser)
2024-01-10 09:15:20.715610 - Log Success: BEATRIZ - Material excluido com sucesso. (KonemetalUser)
2024-01-10 09:15:31.041254 - Log Success: BEATRIZ - Relatorio filtrado com sucesso (KonemetalUser)
2024-01-10 09:16:44.771324 - Log Success: BEATRIZ - Material excluido com sucesso. (KonemetalUser)
2024-01-10 09:16:10.438037 - Log Success: LEO-PC - Relatório ordenado por Data_Recebido com sucesso (KonemetalUser)
2024-01-10 09:16:10.997241 - Log Success: LEO-PC - Relatório ordenado por Fornecedor com sucesso (KonemetalUser)
2024-01-10 09:16:13.757859 - Log Success: LEO-PC - Relatorio foi atualizado com sucesso. (KonemetalUser)
2024-01-10 09:16:17.541071 - Log Success: LEO-PC - Relatório ordenado por Fornecedor com sucesso (KonemetalUser)
2024-01-10 09:16:18.086675 - Log Success: LEO-PC - Relatório ordenado por Data_Recebido com sucesso (KonemetalUser)
2024-01-10 09:16:18.793280 - Log Success: LEO-PC - Relatório ordenado por Ordem_Compra com sucesso (KonemetalUser)
2024-01-10 09:16:19.205485 - Log Success: LEO-PC - Relatório ordenado por Bitola com sucesso (KonemetalUser)
2024-01-10 09:16:48.575194 - Log Success: LEO-PC - Relatório ordenado por Data_Recebido com sucesso (KonemetalUser)
2024-01-10 09:16:48.918998 - Log Success: LEO-PC - Relatório ordenado por Fornecedor com sucesso (KonemetalUser)
2024-01-10 09:16:49.294002 - Log Success: LEO-PC - Relatório ordenado por Ordem_Compra com sucesso (KonemetalUser)
2024-01-10 09:16:49.632009 - Log Success: LEO-PC - Relatório ordenado por Bitola com sucesso (KonemetalUser)
2024-01-10 09:16:50.217818 - Log Success: LEO-PC - Relatório ordenado por Kg_Recebido com sucesso (KonemetalUser)
2024-01-10 09:16:50.595223 - Log Success: LEO-PC - Relatório ordenado por Valor com sucesso (KonemetalUser)
2024-01-10 09:16:54.178634 - Log Success: LEO-PC - Filtro removido com sucesso (KonemetalUser)
2024-01-10 09:16:54.405440 - Log Success: LEO-PC - Filtro removido com sucesso (KonemetalUser)
2024-01-10 09:16:54.559247 - Log Success: LEO-PC - Filtro removido com sucesso (KonemetalUser)
2024-01-10 09:25:35.065386 - Log Success: BEATRIZ - Material RAC 25 162750mm Trefilado registrado com sucesso (KonemetalUser)
2024-01-10 09:25:48.905843 - Log Success: BEATRIZ - Material RAC 13/16 27060mm Trefilado registrado com sucesso (KonemetalUser)
2024-01-10 09:25:59.497131 - Log Success: BEATRIZ - Material RAC 18 126000mm Trefilado registrado com sucesso (KonemetalUser)
2024-01-10 09:26:12.556522 - Log Success: BEATRIZ - Material RAC 1-1/16 6380mm Trefilado registrado com sucesso (KonemetalUser)
2024-01-10 09:26:26.084585 - Log Success: BEATRIZ - Material RAC 1-1/2 25200mm Trefilado registrado com sucesso (KonemetalUser)
2024-01-10 09:26:46.407920 - Log Success: BEATRIZ - Material extra registrado com sucesso (KonemetalUser)
2024-01-10 09:27:24.742643 - Log Success: BEATRIZ - Material TBKW 32X20,6 26730mm Trefilado registrado com sucesso (KonemetalUser)
2024-01-10 09:36:35.518057 - Log Success: BEATRIZ - Material SAC 22 36850mm Trefilado registrado com sucesso (KonemetalUser)
2024-01-10 09:36:53.279498 - Log Success: BEATRIZ - Material SAC 14 18700mm Trefilado registrado com sucesso (KonemetalUser)
2024-01-10 09:37:05.698447 - Log Success: BEATRIZ - Material SAC 14 20900mm Trefilado registrado com sucesso (KonemetalUser)
2024-01-10 09:37:22.085246 - Log Success: BEATRIZ - Material SAC 1-1/8 3300mm Trefilado registrado com sucesso (KonemetalUser)
2024-01-10 09:37:44.542840 - Log Success: BEATRIZ - Material SAC 1-1/8 16720mm Trefilado registrado com sucesso (KonemetalUser)
2024-01-10 09:44:04.719925 - Log Success: BEATRIZ - Material RAC 1 10000mm Trefilado registrado com sucesso (KonemetalUser)
2024-01-10 09:55:24.418442 - Log Error: BEATRIZ - Falha ao editar material: - (name 'bitola' is not defined) (KonemetalUser)
2024-01-10 09:59:13.791916 - Log Success: LEO-PC - Materiais Recebidos com sucesso (KonemetalUser)
2024-01-10 09:59:44.824379 - Log Success: LEO-PC - Relatorio filtrado com sucesso (KonemetalUser)
2024-01-10 09:59:55.552008 - Log Success: LEO-PC - Filtro removido com sucesso (KonemetalUser)
2024-01-10 10:00:19.691858 - Log Success: LEO-PC - Filtro removido com sucesso (KonemetalUser)
2024-01-10 10:12:30.029819 - Log Error: LEO-PC - Falha ao resistrar material (KonemetalUser)
2024-01-10 10:12:31.694823 - Log Error: LEO-PC - Falha ao registrar material - (invalid literal for int() with base 10: '') (KonemetalUser)
2024-01-10 11:59:33.007109 - Log Success: BEATRIZ - Material TNAI 22X19 49350mm Trefilado registrado com sucesso (KonemetalUser)
2024-01-10 11:59:49.846890 - Log Success: BEATRIZ - Material SAC 5/8 16640mm Trefilado registrado com sucesso (KonemetalUser)
2024-01-10 12:00:10.810702 - Log Success: BEATRIZ - Material SAC 1-1/16 8250mm Trefilado registrado com sucesso (KonemetalUser)
2024-01-10 12:00:19.199396 - Log Success: BEATRIZ - Material SAC 1-1/16 8250mm Trefilado registrado com sucesso (KonemetalUser)
2024-01-10 12:00:31.696407 - Log Success: BEATRIZ - Material excluido com sucesso. (KonemetalUser)
2024-01-10 12:00:38.679138 - Log Success: BEATRIZ - Material SAC 1-1/16 64780mm Trefilado registrado com sucesso (KonemetalUser)
2024-01-10 12:00:58.283927 - Log Success: BEATRIZ - Material TBKW 32X20,6 21120mm Trefilado registrado com sucesso (KonemetalUser)
2024-01-10 12:01:07.375503 - Log Success: BEATRIZ - Material TBKW 32X20,6 55230mm Trefilado registrado com sucesso (KonemetalUser)
2024-01-10 12:01:23.465505 - Log Success: BEATRIZ - Material SAC 22 34304mm Trefilado registrado com sucesso (KonemetalUser)
2024-01-10 12:01:35.165831 - Log Success: BEATRIZ - Material SAC 30 3300mm Trefilado registrado com sucesso (KonemetalUser)
2024-01-10 12:01:48.896972 - Log Success: BEATRIZ - Material RAC 25 14630mm Trefilado registrado com sucesso (KonemetalUser)
2024-01-10 12:02:06.845868 - Log Success: BEATRIZ - Material extra registrado com sucesso (KonemetalUser)
2024-01-10 12:02:20.780086 - Log Success: BEATRIZ - Material SAC 32 32550mm Trefilado registrado com sucesso (KonemetalUser)
2024-01-10 12:02:36.354542 - Log Success: BEATRIZ - Material RAC 25 153300mm Trefilado registrado com sucesso (KonemetalUser)
2024-01-10 12:02:50.897990 - Log Success: BEATRIZ - Material SAC 1-1/16 3480mm Trefilado registrado com sucesso (KonemetalUser)
2024-01-10 12:03:04.535403 - Log Success: BEATRIZ - Material extra registrado com sucesso (KonemetalUser)
2024-01-10 12:03:19.063231 - Log Success: BEATRIZ - Material SAC 32 32550mm Trefilado registrado com sucesso (KonemetalUser)
2024-01-10 12:03:29.498273 - Log Success: BEATRIZ - Material RAC 25 166400mm Trefilado registrado com sucesso (KonemetalUser)
2024-01-10 12:03:40.433198 - Log Success: BEATRIZ - Material SAC 36 35200mm Trefilado registrado com sucesso (KonemetalUser)
2024-01-10 16:36:50.364217 - Log Success: BEATRIZ - Relatorio filtrado com sucesso (KonemetalUser)
2024-01-10 16:36:54.488238 - Log Success: BEATRIZ - Relatorio filtrado com sucesso (KonemetalUser)
2024-01-10 16:36:58.362328 - Log Success: BEATRIZ - Relatorio filtrado com sucesso (KonemetalUser)
2024-01-10 16:40:25.344819 - Log Success: BEATRIZ - Relatorio filtrado com sucesso (KonemetalUser)
2024-01-11 13:34:43.720758 - Log Error: LEO-PC - Falha ao editar material: - (1) (KonemetalUser)
2024-01-11 13:34:51.475201 - Log Error: LEO-PC - Falha ao editar material: - (1) (KonemetalUser)
2024-01-11 13:35:18.174728 - Log Error: LEO-PC - Falha ao editar material: - (1) (KonemetalUser)
2024-01-12 10:39:04.411375 - Log Success: LEO-PC - Data alterada do item ja comprado  SAC 36 35200mm TREFILADO _ (KonemetalUser)
2024-01-12 10:40:46.858961 - Log Success: LEO-PC - Data alterada do item ja comprado  SAC 36 35200mm TREFILADO _ (KonemetalUser)
2024-01-12 10:45:10.719521 - Log Success: LEO-PC - Material SAB 1" 100mm Laminado registrado com sucesso (KonemetalUser)
2024-01-12 10:46:11.209142 - Log Success: LEO-PC - Data alterada do item ja comprado  SAC 36 35200mm TREFILADO _ (KonemetalUser)
2024-01-12 10:47:28.742290 - Log Success: LEO-PC - Data alterada do item ja comprado  SAC 36 35200mm TREFILADO _ (KonemetalUser)
2024-01-12 10:48:09.565879 - Log Success: LEO-PC - Data alterada do item ja comprado  SAC 36 35200mm TREFILADO _ (KonemetalUser)
2024-01-12 16:19:40.752076 - Log Success: LEO-PC - Relatorio Excel criado com sucesso (KonemetalUser)
2024-01-15 13:50:00.088210 - Log Success: LEO-PC - Relatorio Excel criado com sucesso (KonemetalUser)
2024-01-15 13:50:56.016942 - Log Success: LEO-PC - Calculo redondo 25,4 = 4,000kg/M (KonemetalUser)
2024-01-15 13:51:03.931557 - Log Success: LEO-PC - Calculo redondo 25 = 3,875kg/M (KonemetalUser)
2024-01-15 13:51:07.530564 - Log Success: LEO-PC - Calculo redondo 25 = 4,177kg/M (KonemetalUser)
2024-01-15 13:51:09.268168 - Log Success: LEO-PC - Calculo redondo 25 = 1,325kg/M (KonemetalUser)
2024-01-15 13:51:17.937584 - Log Error: LEO-PC - Falha ao calcular quilos de 25 forjados. - (forgedWeight() takes 2 positional arguments but 3 were given) (KonemetalUser)
2024-01-15 13:51:20.236789 - Log Error: LEO-PC - Falha em calcular quantidade de 25 forjados - (forgedWeight() takes 2 positional arguments but 3 were given) (KonemetalUser)
2024-01-15 13:51:40.353828 - Log Success: LEO-PC - Calculo mm/pol 12,7 = 1/2" (KonemetalUser)
2024-01-15 13:51:48.723443 - Log Success: LEO-PC - Calculo pol/mm 10 = 254.00mm (KonemetalUser)
2024-01-15 13:51:53.883453 - Log Success: LEO-PC - Calculo pol/mm 1-1/2 = 38.10mm (KonemetalUser)
2024-01-15 15:43:25.759299 - Log Error: LEO-PC - Erro ao filtrar relatorio - ('BuyerUser' object has no attribute 'sortedRowsTables') (BuyerUser)
2024-01-15 15:57:04.575227 - Log Error: LEO-PC - Erro ao filtrar relatorio - ('BuyerUser' object has no attribute 'sortedRowsTables') (BuyerUser)
2024-01-15 16:29:51.434553 - Log Error: LEO-PC - Erro ao filtrar relatorio - ('BuyerUser' object has no attribute 'sortedRowsTables') (BuyerUser)
2024-01-16 16:57:00.843021 - Log Error: LEO-PC - Não foi possivel Receber material(s) - (unsupported operand type(s) for -: 'str' and 'int') (KonemetalUser)
2024-01-17 08:22:30.908847 - Log Success: LEO-PC - Material SAA 1" 1000mm Trefilado registrado com sucesso (KonemetalUser)
2024-01-17 08:22:33.214254 - Log Success: LEO-PC - Material SAA 1" 1000mm Trefilado registrado com sucesso (KonemetalUser)
2024-01-17 08:24:43.456147 - Log Success: LEO-PC - Materiais Recebidos com sucesso (KonemetalUser)
2024-01-17 08:25:10.547006 - Log Success: LEO-PC - Material SAA 1" 1000mm Forjado registrado com sucesso (KonemetalUser)
2024-01-17 08:25:15.894419 - Log Success: LEO-PC - Material SAA 1" 35000mm Forjado registrado com sucesso (KonemetalUser)
2024-01-17 08:31:10.116881 - Log Success: LEO-PC - Materiais Recebidos com sucesso (KonemetalUser)
2024-01-17 08:31:30.688537 - Log Success: LEO-PC - Materiais Recebidos com sucesso (KonemetalUser)
2024-01-17 08:46:52.947328 - Log Success: LEO-PC - Salvo no banco de dados material: SAC 32 1550mm TREFILADO _ _ (KonemetalUser)
2024-01-17 14:37:37.690432 - Log Success: LEO-PC - Calculo pol/mm 8-1/2 = 215.90mm (DavikUser)
2024-01-17 14:37:43.905481 - Log Success: LEO-PC - Calculo redondo 215,9 = 288,999kg/M (DavikUser)
2024-01-17 14:37:47.270104 - Log Success: LEO-PC - Calculo redondo 215,9 = 98,846kg/M (DavikUser)
2024-04-02 15:12:48.413711 - Log Error: LEO-PC - Falha ao registrar material - (local variable 'material' referenced before assignment) (DavikUser)
2024-04-26 14:46:40.469424 - Log Success: LEO-PC - Relatorio filtrado com sucesso (KonemetalUser)
2024-04-26 14:47:00.843590 - Log Success: LEO-PC - Relatorio foi atualizado com sucesso. (KonemetalUser)
2024-04-26 14:48:03.955199 - Log Success: LEO-PC - Relatorio filtrado com sucesso (KonemetalUser)
2024-04-26 14:48:57.367254 - Log Success: LEO-PC - Relatorio foi atualizado com sucesso. (KonemetalUser)
2024-04-26 14:49:06.526778 - Log Success: LEO-PC - Relatorio filtrado com sucesso (KonemetalUser)
2024-04-26 14:49:17.979433 - Log Success: LEO-PC - Relatorio foi atualizado com sucesso. (KonemetalUser)
2024-04-26 14:49:21.303623 - Log Success: LEO-PC - Relatorio filtrado com sucesso (KonemetalUser)
2024-04-26 14:49:22.497692 - Log Success: LEO-PC - Relatorio foi atualizado com sucesso. (KonemetalUser)
2024-04-26 15:26:28.472010 - Log Success: LEO-PC - Relatorio filtrado com sucesso (BuyerUser)
2024-04-26 15:26:35.274399 - Log Success: LEO-PC - Relatorio filtrado com sucesso (BuyerUser)
2024-04-26 15:26:42.328803 - Log Error: LEO-PC - Não foi possivel Filtrar relatorio - (unrecognized token: ""1""
            ORDER BY  
                data_formatada ASC") (BuyerUser)
2024-04-26 15:27:32.154653 - Log Error: LEO-PC - Não foi possivel Filtrar relatorio - (1) (BuyerUser)
2024-04-26 15:28:02.072364 - Log Error: LEO-PC - Não foi possivel Filtrar relatorio - (1) (BuyerUser)
2024-05-03 10:38:00.385776 - Log Success: LEO-PC - Relatorio foi atualizado com sucesso. (BuyerUser)
2024-05-03 10:38:01.388834 - Log Success: LEO-PC - Relatorio foi atualizado com sucesso. (BuyerUser)
2024-05-03 10:38:05.885091 - Log Error: LEO-PC - Não foi possivel Filtrar relatorio - (1) (BuyerUser)
2024-05-03 11:08:07.147117 - Log Error: LEO-PC - Não foi possivel Filtrar relatorio - (1) (BuyerUser)
2024-05-03 11:12:21.830684 - Log Success: LEO-PC - Relatorio filtrado com sucesso (KonemetalUser)
2024-05-03 14:53:20.334027 - Log Success: LEO-PC - Relatorio filtrado com sucesso (BuyerUser)
2024-05-03 14:53:22.131130 - Log Success: LEO-PC - Filtro removido com sucesso (BuyerUser)
2024-05-03 14:53:35.041868 - Log Success: LEO-PC - Filtro removido com sucesso (BuyerUser)
2024-05-03 14:53:35.781911 - Log Success: LEO-PC - Filtro removido com sucesso (BuyerUser)
2024-05-03 14:53:35.916918 - Log Success: LEO-PC - Filtro removido com sucesso (BuyerUser)
2024-05-03 14:53:36.050926 - Log Success: LEO-PC - Filtro removido com sucesso (BuyerUser)
2024-05-03 15:56:29.916779 - Log Success: LEO-PC - Relatorio filtrado com sucesso (BuyerUser)
2024-05-03 16:00:01.033854 - Log Success: LEO-PC - Relatorio filtrado com sucesso (BuyerUser)
2024-05-03 16:00:16.790755 - Log Success: LEO-PC - Relatorio foi atualizado com sucesso. (BuyerUser)
2024-05-03 16:05:10.936579 - Log Success: LEO-PC - Relatorio filtrado com sucesso (BuyerUser)
2024-05-03 16:05:12.281656 - Log Success: LEO-PC - Relatorio foi atualizado com sucesso. (BuyerUser)
2024-05-03 16:05:16.514898 - Log Success: LEO-PC - Relatorio filtrado com sucesso (BuyerUser)
2024-05-03 16:05:17.520956 - Log Success: LEO-PC - Relatorio foi atualizado com sucesso. (BuyerUser)
2024-05-03 16:05:26.257456 - Log Success: LEO-PC - Relatorio filtrado com sucesso (BuyerUser)
2024-05-03 16:08:08.722748 - Log Success: LEO-PC - Relatorio filtrado com sucesso (BuyerUser)
2024-05-03 16:08:10.591855 - Log Success: LEO-PC - Relatorio foi atualizado com sucesso. (BuyerUser)
2024-06-17 15:16:37.945362 - Log Error: LEO-PC - Erro ao filtrar relatorio - ('BuyerUser' object has no attribute 'sortedRowsTables') (BuyerUser)
2024-06-17 15:25:26.386482 - Log Success: LEO-PC - Relatorio foi atualizado com sucesso. (BuyerUser)
2024-07-26 16:58:43.403277 - Log Error: LEO-PC - Falha ao resistrar material (DavikUser)
2024-08-06 15:33:16.221020 - Log Success: LEO-PC - Linha de mp extra apagada com sucesso (KonemetalUser)
2024-08-06 15:33:17.741425 - Log Success: LEO-PC - Linha de mp extra apagada com sucesso (KonemetalUser)
2024-08-06 15:33:21.222434 - Log Success: LEO-PC - Linha de mp extra apagada com sucesso (KonemetalUser)
2024-08-06 15:33:24.316046 - Log Success: LEO-PC - Linha de mp extra apagada com sucesso (KonemetalUser)
2024-08-06 15:33:25.761654 - Log Success: LEO-PC - Linha de mp extra apagada com sucesso (KonemetalUser)
2024-08-06 15:33:27.041861 - Log Success: LEO-PC - Linha de mp extra apagada com sucesso (KonemetalUser)
2024-08-06 15:33:28.631671 - Log Error: LEO-PC - Não foi possível apagar linha de mp extra - (list index out of range) (KonemetalUser)
2024-08-06 15:33:31.898284 - Log Success: LEO-PC - Linha de mp extra apagada com sucesso (KonemetalUser)
2024-08-14 08:48:28.647777 - Log Error: LEO-PC - Falha ao calcular redondo  - (could not convert string to float: ) (BuyerUser)
2024-08-14 08:48:31.982583 - Log Success: LEO-PC - Calculo redondo 25 = 3,875kg/M (BuyerUser)
2024-08-14 08:58:34.466416 - Log Success: LEO-PC - Calculo redondo 25 = 3,875kg/M (BuyerUser)
2024-08-15 15:10:11.888627 - Log Success: LEO-PC - Material qag 15x15 1000mm Trefilado registrado com sucesso (DavikUser)
2024-08-15 15:10:25.781316 - Log Success: LEO-PC - Material qag 15,5x15,055 1000mm Trefilado registrado com sucesso (DavikUser)
2024-08-15 15:11:00.266261 - Log Error: LEO-PC - Falha ao registrar material - (invalid literal for int() with base 10: '2"X1') (DavikUser)
2024-08-15 15:11:05.155876 - Log Error: LEO-PC - Falha ao registrar material - (invalid literal for int() with base 10: '2X1') (DavikUser)
2024-08-15 15:11:41.074989 - Log Success: LEO-PC - Material qag 63,5 x 19,04 1000mm Trefilado registrado com sucesso (DavikUser)
2024-08-15 15:12:05.292835 - Log Success: LEO-PC - Material tnai 10x15 1000mm Trefilado registrado com sucesso (DavikUser)
2024-08-15 15:12:12.060648 - Log Success: LEO-PC - Material tnai 10x15 100000mm Trefilado registrado com sucesso (DavikUser)
2024-08-15 15:12:19.652262 - Log Success: LEO-PC - Material tnai 10x5 100000mm Trefilado registrado com sucesso (DavikUser)
2024-08-15 15:12:28.613678 - Log Success: LEO-PC - Material tnai 10x1,5 100000mm Trefilado registrado com sucesso (DavikUser)
2024-08-15 15:13:01.634737 - Log Success: LEO-PC - Material bcaz 63,5x12,7 3000mm Trefilado registrado com sucesso (DavikUser)
2024-08-15 15:13:46.990291 - Log Error: LEO-PC - Erro ao filtrar relatorio - (no such column: Documento) (DavikUser)
2024-08-15 15:13:47.718897 - Log Error: LEO-PC - Erro ao filtrar relatorio - (no such column: Documento) (DavikUser)
2024-08-15 15:13:47.906102 - Log Error: LEO-PC - Erro ao filtrar relatorio - (no such column: Documento) (DavikUser)
2024-08-15 15:13:48.230707 - Log Error: LEO-PC - Erro ao filtrar relatorio - (no such column: Documento) (DavikUser)
2024-08-15 15:13:48.441512 - Log Error: LEO-PC - Erro ao filtrar relatorio - (no such column: Documento) (DavikUser)
2024-08-15 15:13:48.610116 - Log Error: LEO-PC - Erro ao filtrar relatorio - (no such column: Documento) (DavikUser)
2024-08-15 15:17:25.403253 - Log Error: LEO-PC - Erro ao filtrar relatorio - (no such column: Documento) (DavikUser)
2024-08-15 15:29:06.632498 - Log Success: LEO-PC - Relatorio Excel criado com sucesso (KonemetalUser)
2024-08-15 15:40:30.541898 - Log Error: LEO-PC - Não foi possivel criar relatorio excel - ('Series' objects are mutable, thus they cannot be hashed) (KonemetalUser)
2024-08-15 15:43:48.090879 - Log Success: LEO-PC - Relatorio Excel criado com sucesso (KonemetalUser)
2024-08-15 15:44:33.611456 - Log Success: LEO-PC - Relatorio Excel criado com sucesso (KonemetalUser)
2024-08-15 15:45:18.138149 - Log Success: LEO-PC - Relatorio Excel criado com sucesso (KonemetalUser)
2024-08-15 15:54:33.366635 - Log Success: LEO-PC - Relatorio Excel criado com sucesso (KonemetalUser)
2024-08-15 15:59:48.232142 - Log Success: LEO-PC - Relatorio Excel criado com sucesso (KonemetalUser)
2024-08-19 16:00:20.325031 - Log Error: LEO-PC - Não foi possivel criar relatorio excel - ('BuyerUser' object has no attribute 'makeDictReport') (BuyerUser)
2024-08-19 16:28:08.160933 - Log Error: LEO-PC - Não foi possivel criar relatorio excel - (makeExcelReport() missing 1 required positional argument: 'relatorio') (BuyerUser)
2024-08-19 16:29:47.526238 - Log Error: LEO-PC - Não foi possivel criar relatorio excel - (makeExcelReport() takes 0 positional arguments but 1 was given) (BuyerUser)
2024-08-19 16:30:31.608304 - Log Error: LEO-PC - Não foi possivel criar relatorio excel - ('Worksheet konemetal does not exist.') (BuyerUser)
2024-08-19 16:31:20.470067 - Log Success: LEO-PC - Relatorio Excel criado com sucesso (BuyerUser)
2024-08-19 16:33:12.306760 - Log Success: LEO-PC - Relatorio Excel criado com sucesso (BuyerUser)
2024-08-21 16:31:43.640708 - Log Error: LEO-PC - Erro ao filtrar relatorio - (sortedRowsTables() takes 3 positional arguments but 4 were given) (KonemetalUser)
2024-08-21 16:31:44.706316 - Log Error: LEO-PC - Erro ao filtrar relatorio - (sortedRowsTables() takes 3 positional arguments but 4 were given) (KonemetalUser)
2024-08-21 16:31:45.278120 - Log Error: LEO-PC - Erro ao filtrar relatorio - (sortedRowsTables() takes 3 positional arguments but 4 were given) (KonemetalUser)
2024-08-21 16:31:45.861524 - Log Error: LEO-PC - Erro ao filtrar relatorio - (sortedRowsTables() takes 3 positional arguments but 4 were given) (KonemetalUser)
2024-08-21 16:31:46.010128 - Log Error: LEO-PC - Erro ao filtrar relatorio - (sortedRowsTables() takes 3 positional arguments but 4 were given) (KonemetalUser)
2024-08-21 16:31:46.140932 - Log Error: LEO-PC - Erro ao filtrar relatorio - (sortedRowsTables() takes 3 positional arguments but 4 were given) (KonemetalUser)
2024-08-22 11:36:00.612918 - Log Error: LEO-PC - Não foi possivel Filtrar relatorio - (time data '2024-08-11' does not match format '%d/%m/%Y') (KonemetalUser)
2024-08-22 15:20:05.993277 - Log Success: LEO-PC - Relatorio filtrado com sucesso (KonemetalUser)
2024-08-23 09:04:55.492166 - Log Success: LEO-PC - Relatorio filtrado com sucesso (KonemetalUser)
2024-08-27 08:23:05.354779 - Log Success: LEO-PC - Relatorio filtrado com sucesso (KonemetalUser)
2024-08-27 08:23:19.080727 - Log Success: LEO-PC - Relatorio foi atualizado com sucesso. (KonemetalUser)
2024-08-27 08:24:48.434397 - Log Success: LEO-PC - Relatorio filtrado com sucesso (KonemetalUser)
2024-08-27 08:24:50.786532 - Log Success: LEO-PC - Relatorio foi atualizado com sucesso. (KonemetalUser)
2024-08-27 08:25:10.246215 - Log Success: LEO-PC - Relatorio filtrado com sucesso (KonemetalUser)
2024-08-27 08:25:11.026626 - Log Success: LEO-PC - Relatorio foi atualizado com sucesso. (KonemetalUser)
2024-08-27 08:25:16.991043 - Log Success: LEO-PC - Relatorio filtrado com sucesso (KonemetalUser)
2024-08-27 08:25:18.254654 - Log Success: LEO-PC - Relatorio foi atualizado com sucesso. (KonemetalUser)
2024-08-27 08:30:27.088095 - Log Success: LEO-PC - Relatorio filtrado com sucesso (KonemetalUser)
2024-08-27 08:30:38.822169 - Log Success: LEO-PC - Relatorio filtrado com sucesso (KonemetalUser)
2024-08-27 09:31:05.448424 - Log Success: LEO-PC - Relatorio foi atualizado com sucesso. (KonemetalUser)
2024-08-27 09:31:11.711782 - Log Success: LEO-PC - Relatorio filtrado com sucesso (KonemetalUser)
2024-08-27 09:31:16.118034 - Log Success: LEO-PC - Relatorio foi atualizado com sucesso. (KonemetalUser)
2024-08-27 09:48:41.775816 - Log Success: LEO-PC - Relatorio foi atualizado com sucesso. (KonemetalUser)
2024-10-01 09:04:33.874547 - Log Success: COMPAQ-I3-6157U - Relatorio foi atualizado com sucesso. (KonemetalUser)
